-------------------------------------------------------------------------------
Test set: com.example.cocusmobiletest.RunCukesTest
-------------------------------------------------------------------------------
Tests run: 1, Failures: 0, Errors: 1, Skipped: 0, Time elapsed: 3.407 sec <<< FAILURE!
com.example.cocusmobiletest.RunCukesTest  Time elapsed: 3.405 sec  <<< ERROR!
java.lang.NullPointerException
	at com.example.cocusmobiletest.config.DriverManager.stopAppiumService(DriverManager.java:86)
	at com.example.cocusmobiletest.stepdefinitions.Hooks.tearDownTests(Hooks.java:43)

