<?xml version="1.0" encoding="UTF-8" ?>
<testsuite tests="14" failures="4" name="com.example.cocusmobiletest.RunCukesTest" time="201.361" errors="1" skipped="0">
  <properties>
[...]
</properties>
  <testcase classname="Add Notes" name="Add Small Note #1" time="13.339"/>
  <testcase classname="Add Notes" name="Add Small Note #2" time="11.391"/>
  <testcase classname="Add Notes" name="Note with Title only" time="10.987"/>
  <testcase classname="Add Notes" name="Note with Description only" time="10.937"/>
  <testcase classname="Add Notes" name="Large text file as Note" time="11.971">
    <failure message="Expected Note with title and description not present" type="java.lang.AssertionError">java.lang.AssertionError: Expected Note with title and description not present
	at org.junit.Assert.fail(Assert.java:88)
	at org.junit.Assert.assertTrue(Assert.java:41)
	at com.example.cocusmobiletest.stepdefinitions.NewNoteStepdefs.Verify_note_is_added_successfully_with_title_and_description(NewNoteStepdefs.java:69)
	at ✽.Verify note is added successfully with title and description(file:///C:/SagarV/Projects/COCUS-Challenge/cocus-mobiletest-challenge/cocus-mobile-test/src/test/resources/features/AddNotes.feature:28)
</failure>
    <system-out>
@sanity
Scenario Outline: Large text file as Note                           &amp;#27;[90m# src/test/resources/features/AddNotes.feature:32&amp;#27;[0m
21:14:14.377 [Forwarding findElement on session eda2ebede5b4f1c4a3da0ae80d76cf0c2ffae504 to remote] DEBUG org.asynchttpclient.netty.request.NettyRequestSender - Using pooled Channel &apos;[id: 0xca0f3c40, L:/192.168.0.148:65103 - R:hub-cloud.browserstack.com/103.126.7.240:80]&apos; for &apos;POST&apos; to &apos;http://sagarvarule_Nv2k8l:xTzj2eNxZytnJbrx1e6C@hub-cloud.browserstack.com/wd/hub/session/eda2ebede5b4f1c4a3da0ae80d76cf0c2ffae504/element&apos;
21:14:14.378 [Forwarding findElement on session eda2ebede5b4f1c4a3da0ae80d76cf0c2ffae504 to remote] DEBUG org.asynchttpclient.netty.request.NettyRequestSender - Using open Channel [id: 0xca0f3c40, L:/192.168.0.148:65103 - R:hub-cloud.browserstack.com/103.126.7.240:80] for POST &apos;/wd/hub/session/eda2ebede5b4f1c4a3da0ae80d76cf0c2ffae504/element&apos;
21:14:14.544 [AsyncHttpClient-1-3] DEBUG org.asynchttpclient.netty.handler.HttpHandler - 

Request DefaultHttpRequest(decodeResult: success, version: HTTP/1.1)
POST /wd/hub/session/eda2ebede5b4f1c4a3da0ae80d76cf0c2ffae504/element HTTP/1.1
User-Agent: selenium/4.5.0 (java windows)
Content-Length: 94
Content-Type: application/json; charset=utf-8
host: hub-cloud.browserstack.com
authorization: Basic c2FnYXJ2YXJ1bGVfTnYyazhsOnhUemoyZU54Wnl0bkpicngxZTZD
accept: */*

Response DefaultHttpResponse(decodeResult: success, version: HTTP/1.1)
HTTP/1.1 200 OK
Server: nginx
Date: Thu, 01 Dec 2022 15:44:14 GMT
Content-Type: application/json; charset=utf-8
Connection: keep-alive
Source-From: 02
x-powered-by: Express
vary: X-HTTP-Method-Override
etag: W/&quot;89-b62E8pinReTyviFjuK+x78D4HCI&quot;
content-length: 137

21:14:14.544 [AsyncHttpClient-1-3] DEBUG org.asynchttpclient.netty.channel.ChannelManager - Adding key: http://hub-cloud.browserstack.com:80 for channel [id: 0xca0f3c40, L:/192.168.0.148:65103 - R:hub-cloud.browserstack.com/103.126.7.240:80]
21:14:14.546 [Forwarding isElementDisplayed on session eda2ebede5b4f1c4a3da0ae80d76cf0c2ffae504 to remote] DEBUG org.asynchttpclient.netty.request.NettyRequestSender - Using pooled Channel &apos;[id: 0xca0f3c40, L:/192.168.0.148:65103 - R:hub-cloud.browserstack.com/103.126.7.240:80]&apos; for &apos;GET&apos; to &apos;http://sagarvarule_Nv2k8l:xTzj2eNxZytnJbrx1e6C@hub-cloud.browserstack.com/wd/hub/session/eda2ebede5b4f1c4a3da0ae80d76cf0c2ffae504/element/4a76470a-8fb4-497d-8432-f564320ce354/displayed&apos;
21:14:14.547 [Forwarding isElementDisplayed on session eda2ebede5b4f1c4a3da0ae80d76cf0c2ffae504 to remote] DEBUG org.asynchttpclient.netty.request.NettyRequestSender - Using open Channel [id: 0xca0f3c40, L:/192.168.0.148:65103 - R:hub-cloud.browserstack.com/103.126.7.240:80] for GET &apos;/wd/hub/session/eda2ebede5b4f1c4a3da0ae80d76cf0c2ffae504/element/4a76470a-8fb4-497d-8432-f564320ce354/displayed&apos;
21:14:14.628 [AsyncHttpClient-1-3] DEBUG org.asynchttpclient.netty.handler.HttpHandler - 

Request DefaultFullHttpRequest(decodeResult: success, version: HTTP/1.1, content: EmptyByteBufBE)
GET /wd/hub/session/eda2ebede5b4f1c4a3da0ae80d76cf0c2ffae504/element/4a76470a-8fb4-497d-8432-f564320ce354/displayed HTTP/1.1
User-Agent: selenium/4.5.0 (java windows)
Cache-Control: no-cache
Content-Type: application/json; charset=utf-8
host: hub-cloud.browserstack.com
authorization: Basic c2FnYXJ2YXJ1bGVfTnYyazhsOnhUemoyZU54Wnl0bkpicngxZTZD
accept: */*

Response DefaultHttpResponse(decodeResult: success, version: HTTP/1.1)
HTTP/1.1 200 OK
Server: nginx
Date: Thu, 01 Dec 2022 15:44:14 GMT
Content-Type: application/json; charset=utf-8
Connection: keep-alive
Source-From: 02
x-powered-by: Express
etag: W/&quot;e-2ZHvAWebNQpyjGZTg6uyV8/spTo&quot;
content-length: 14

21:14:14.628 [AsyncHttpClient-1-3] DEBUG org.asynchttpclient.netty.channel.ChannelManager - Adding key: http://hub-cloud.browserstack.com:80 for channel [id: 0xca0f3c40, L:/192.168.0.148:65103 - R:hub-cloud.browserstack.com/103.126.7.240:80]
21:14:14.629 [Forwarding findElement on session eda2ebede5b4f1c4a3da0ae80d76cf0c2ffae504 to remote] DEBUG org.asynchttpclient.netty.request.NettyRequestSender - Using pooled Channel &apos;[id: 0xca0f3c40, L:/192.168.0.148:65103 - R:hub-cloud.browserstack.com/103.126.7.240:80]&apos; for &apos;POST&apos; to &apos;http://sagarvarule_Nv2k8l:xTzj2eNxZytnJbrx1e6C@hub-cloud.browserstack.com/wd/hub/session/eda2ebede5b4f1c4a3da0ae80d76cf0c2ffae504/element&apos;
21:14:14.629 [Forwarding findElement on session eda2ebede5b4f1c4a3da0ae80d76cf0c2ffae504 to remote] DEBUG org.asynchttpclient.netty.request.NettyRequestSender - Using open Channel [id: 0xca0f3c40, L:/192.168.0.148:65103 - R:hub-cloud.browserstack.com/103.126.7.240:80] for POST &apos;/wd/hub/session/eda2ebede5b4f1c4a3da0ae80d76cf0c2ffae504/element&apos;
21:14:14.726 [AsyncHttpClient-1-3] DEBUG org.asynchttpclient.netty.handler.HttpHandler - 

Request DefaultHttpRequest(decodeResult: success, version: HTTP/1.1)
POST /wd/hub/session/eda2ebede5b4f1c4a3da0ae80d76cf0c2ffae504/element HTTP/1.1
User-Agent: selenium/4.5.0 (java windows)
Content-Length: 94
Content-Type: application/json; charset=utf-8
host: hub-cloud.browserstack.com
authorization: Basic c2FnYXJ2YXJ1bGVfTnYyazhsOnhUemoyZU54Wnl0bkpicngxZTZD
accept: */*

Response DefaultHttpResponse(decodeResult: success, version: HTTP/1.1)
HTTP/1.1 200 OK
Server: nginx
Date: Thu, 01 Dec 2022 15:44:14 GMT
Content-Type: application/json; charset=utf-8
Connection: keep-alive
Source-From: 02
x-powered-by: Express
vary: X-HTTP-Method-Override
etag: W/&quot;89-nlyq2oeuzbV3dAIibpwXjhbNy6c&quot;
content-length: 137

21:14:14.726 [AsyncHttpClient-1-3] DEBUG org.asynchttpclient.netty.channel.ChannelManager - Adding key: http://hub-cloud.browserstack.com:80 for channel [id: 0xca0f3c40, L:/192.168.0.148:65103 - R:hub-cloud.browserstack.com/103.126.7.240:80]
21:14:14.727 [Forwarding isElementEnabled on session eda2ebede5b4f1c4a3da0ae80d76cf0c2ffae504 to remote] DEBUG org.asynchttpclient.netty.request.NettyRequestSender - Using pooled Channel &apos;[id: 0xca0f3c40, L:/192.168.0.148:65103 - R:hub-cloud.browserstack.com/103.126.7.240:80]&apos; for &apos;GET&apos; to &apos;http://sagarvarule_Nv2k8l:xTzj2eNxZytnJbrx1e6C@hub-cloud.browserstack.com/wd/hub/session/eda2ebede5b4f1c4a3da0ae80d76cf0c2ffae504/element/0a555ff8-294f-4e77-9a9b-21329271b6d4/enabled&apos;
21:14:14.727 [Forwarding isElementEnabled on session eda2ebede5b4f1c4a3da0ae80d76cf0c2ffae504 to remote] DEBUG org.asynchttpclient.netty.request.NettyRequestSender - Using open Channel [id: 0xca0f3c40, L:/192.168.0.148:65103 - R:hub-cloud.browserstack.com/103.126.7.240:80] for GET &apos;/wd/hub/session/eda2ebede5b4f1c4a3da0ae80d76cf0c2ffae504/element/0a555ff8-294f-4e77-9a9b-21329271b6d4/enabled&apos;
21:14:14.811 [AsyncHttpClient-1-3] DEBUG org.asynchttpclient.netty.handler.HttpHandler - 

Request DefaultFullHttpRequest(decodeResult: success, version: HTTP/1.1, content: EmptyByteBufBE)
GET /wd/hub/session/eda2ebede5b4f1c4a3da0ae80d76cf0c2ffae504/element/0a555ff8-294f-4e77-9a9b-21329271b6d4/enabled HTTP/1.1
User-Agent: selenium/4.5.0 (java windows)
Cache-Control: no-cache
Content-Type: application/json; charset=utf-8
host: hub-cloud.browserstack.com
authorization: Basic c2FnYXJ2YXJ1bGVfTnYyazhsOnhUemoyZU54Wnl0bkpicngxZTZD
accept: */*

Response DefaultHttpResponse(decodeResult: success, version: HTTP/1.1)
HTTP/1.1 200 OK
Server: nginx
Date: Thu, 01 Dec 2022 15:44:14 GMT
Content-Type: application/json; charset=utf-8
Connection: keep-alive
Source-From: 02
x-powered-by: Express
etag: W/&quot;e-2ZHvAWebNQpyjGZTg6uyV8/spTo&quot;
content-length: 14

21:14:14.811 [AsyncHttpClient-1-3] DEBUG org.asynchttpclient.netty.channel.ChannelManager - Adding key: http://hub-cloud.browserstack.com:80 for channel [id: 0xca0f3c40, L:/192.168.0.148:65103 - R:hub-cloud.browserstack.com/103.126.7.240:80]
21:14:14.813 [Forwarding findElement on session eda2ebede5b4f1c4a3da0ae80d76cf0c2ffae504 to remote] DEBUG org.asynchttpclient.netty.request.NettyRequestSender - Using pooled Channel &apos;[id: 0xca0f3c40, L:/192.168.0.148:65103 - R:hub-cloud.browserstack.com/103.126.7.240:80]&apos; for &apos;POST&apos; to &apos;http://sagarvarule_Nv2k8l:xTzj2eNxZytnJbrx1e6C@hub-cloud.browserstack.com/wd/hub/session/eda2ebede5b4f1c4a3da0ae80d76cf0c2ffae504/element&apos;
21:14:14.813 [Forwarding findElement on session eda2ebede5b4f1c4a3da0ae80d76cf0c2ffae504 to remote] DEBUG org.asynchttpclient.netty.request.NettyRequestSender - Using open Channel [id: 0xca0f3c40, L:/192.168.0.148:65103 - R:hub-cloud.browserstack.com/103.126.7.240:80] for POST &apos;/wd/hub/session/eda2ebede5b4f1c4a3da0ae80d76cf0c2ffae504/element&apos;
21:14:14.906 [AsyncHttpClient-1-3] DEBUG org.asynchttpclient.netty.handler.HttpHandler - 

Request DefaultHttpRequest(decodeResult: success, version: HTTP/1.1)
POST /wd/hub/session/eda2ebede5b4f1c4a3da0ae80d76cf0c2ffae504/element HTTP/1.1
User-Agent: selenium/4.5.0 (java windows)
Content-Length: 94
Content-Type: application/json; charset=utf-8
host: hub-cloud.browserstack.com
authorization: Basic c2FnYXJ2YXJ1bGVfTnYyazhsOnhUemoyZU54Wnl0bkpicngxZTZD
accept: */*

Response DefaultHttpResponse(decodeResult: success, version: HTTP/1.1)
HTTP/1.1 200 OK
Server: nginx
Date: Thu, 01 Dec 2022 15:44:14 GMT
Content-Type: application/json; charset=utf-8
Connection: keep-alive
Source-From: 02
x-powered-by: Express
vary: X-HTTP-Method-Override
etag: W/&quot;89-/O0Rhe2Yve9ZhO0kTBuL1FavqX4&quot;
content-length: 137

21:14:14.906 [AsyncHttpClient-1-3] DEBUG org.asynchttpclient.netty.channel.ChannelManager - Adding key: http://hub-cloud.browserstack.com:80 for channel [id: 0xca0f3c40, L:/192.168.0.148:65103 - R:hub-cloud.browserstack.com/103.126.7.240:80]
21:14:14.908 [Forwarding clickElement on session eda2ebede5b4f1c4a3da0ae80d76cf0c2ffae504 to remote] DEBUG org.asynchttpclient.netty.request.NettyRequestSender - Using pooled Channel &apos;[id: 0xca0f3c40, L:/192.168.0.148:65103 - R:hub-cloud.browserstack.com/103.126.7.240:80]&apos; for &apos;POST&apos; to &apos;http://sagarvarule_Nv2k8l:xTzj2eNxZytnJbrx1e6C@hub-cloud.browserstack.com/wd/hub/session/eda2ebede5b4f1c4a3da0ae80d76cf0c2ffae504/element/5ce5c30f-39b5-4f95-bd5e-a9a4c80335f2/click&apos;
21:14:14.908 [Forwarding clickElement on session eda2ebede5b4f1c4a3da0ae80d76cf0c2ffae504 to remote] DEBUG org.asynchttpclient.netty.request.NettyRequestSender - Using open Channel [id: 0xca0f3c40, L:/192.168.0.148:65103 - R:hub-cloud.browserstack.com/103.126.7.240:80] for POST &apos;/wd/hub/session/eda2ebede5b4f1c4a3da0ae80d76cf0c2ffae504/element/5ce5c30f-39b5-4f95-bd5e-a9a4c80335f2/click&apos;
21:14:15.009 [AsyncHttpClient-1-3] DEBUG org.asynchttpclient.netty.handler.HttpHandler - 

Request DefaultHttpRequest(decodeResult: success, version: HTTP/1.1)
POST /wd/hub/session/eda2ebede5b4f1c4a3da0ae80d76cf0c2ffae504/element/5ce5c30f-39b5-4f95-bd5e-a9a4c80335f2/click HTTP/1.1
User-Agent: selenium/4.5.0 (java windows)
Content-Length: 50
Content-Type: application/json; charset=utf-8
host: hub-cloud.browserstack.com
authorization: Basic c2FnYXJ2YXJ1bGVfTnYyazhsOnhUemoyZU54Wnl0bkpicngxZTZD
accept: */*

Response DefaultHttpResponse(decodeResult: success, version: HTTP/1.1)
HTTP/1.1 200 OK
Server: nginx
Date: Thu, 01 Dec 2022 15:44:15 GMT
Content-Type: application/json; charset=utf-8
Connection: keep-alive
Source-From: 02
x-powered-by: Express
vary: X-HTTP-Method-Override
etag: W/&quot;e-9/1BuKMgFObM1mWJm+YjxtXJnUM&quot;
content-length: 14

21:14:15.010 [AsyncHttpClient-1-3] DEBUG org.asynchttpclient.netty.channel.ChannelManager - Adding key: http://hub-cloud.browserstack.com:80 for channel [id: 0xca0f3c40, L:/192.168.0.148:65103 - R:hub-cloud.browserstack.com/103.126.7.240:80]
21:14:15.024 [Forwarding findElement on session eda2ebede5b4f1c4a3da0ae80d76cf0c2ffae504 to remote] DEBUG org.asynchttpclient.netty.request.NettyRequestSender - Using pooled Channel &apos;[id: 0xca0f3c40, L:/192.168.0.148:65103 - R:hub-cloud.browserstack.com/103.126.7.240:80]&apos; for &apos;POST&apos; to &apos;http://sagarvarule_Nv2k8l:xTzj2eNxZytnJbrx1e6C@hub-cloud.browserstack.com/wd/hub/session/eda2ebede5b4f1c4a3da0ae80d76cf0c2ffae504/element&apos;
21:14:15.024 [Forwarding findElement on session eda2ebede5b4f1c4a3da0ae80d76cf0c2ffae504 to remote] DEBUG org.asynchttpclient.netty.request.NettyRequestSender - Using open Channel [id: 0xca0f3c40, L:/192.168.0.148:65103 - R:hub-cloud.browserstack.com/103.126.7.240:80] for POST &apos;/wd/hub/session/eda2ebede5b4f1c4a3da0ae80d76cf0c2ffae504/element&apos;
21:14:15.813 [AsyncHttpClient-1-3] DEBUG org.asynchttpclient.netty.handler.HttpHandler - 

Request DefaultHttpRequest(decodeResult: success, version: HTTP/1.1)
POST /wd/hub/session/eda2ebede5b4f1c4a3da0ae80d76cf0c2ffae504/element HTTP/1.1
User-Agent: selenium/4.5.0 (java windows)
Content-Length: 95
Content-Type: application/json; charset=utf-8
host: hub-cloud.browserstack.com
authorization: Basic c2FnYXJ2YXJ1bGVfTnYyazhsOnhUemoyZU54Wnl0bkpicngxZTZD
accept: */*

Response DefaultHttpResponse(decodeResult: success, version: HTTP/1.1)
HTTP/1.1 200 OK
Server: nginx
Date: Thu, 01 Dec 2022 15:44:15 GMT
Content-Type: application/json; charset=utf-8
Connection: keep-alive
Source-From: 02
x-powered-by: Express
vary: X-HTTP-Method-Override
etag: W/&quot;89-gz3eaqfwsXFy5wxzxHo8tzZtqjk&quot;
content-length: 137

21:14:15.813 [AsyncHttpClient-1-3] DEBUG org.asynchttpclient.netty.channel.ChannelManager - Adding key: http://hub-cloud.browserstack.com:80 for channel [id: 0xca0f3c40, L:/192.168.0.148:65103 - R:hub-cloud.browserstack.com/103.126.7.240:80]
21:14:15.814 [Forwarding isElementDisplayed on session eda2ebede5b4f1c4a3da0ae80d76cf0c2ffae504 to remote] DEBUG org.asynchttpclient.netty.request.NettyRequestSender - Using pooled Channel &apos;[id: 0xca0f3c40, L:/192.168.0.148:65103 - R:hub-cloud.browserstack.com/103.126.7.240:80]&apos; for &apos;GET&apos; to &apos;http://sagarvarule_Nv2k8l:xTzj2eNxZytnJbrx1e6C@hub-cloud.browserstack.com/wd/hub/session/eda2ebede5b4f1c4a3da0ae80d76cf0c2ffae504/element/9c4610b4-6ba2-4211-9e5e-b6f626aba086/displayed&apos;
21:14:15.814 [Forwarding isElementDisplayed on session eda2ebede5b4f1c4a3da0ae80d76cf0c2ffae504 to remote] DEBUG org.asynchttpclient.netty.request.NettyRequestSender - Using open Channel [id: 0xca0f3c40, L:/192.168.0.148:65103 - R:hub-cloud.browserstack.com/103.126.7.240:80] for GET &apos;/wd/hub/session/eda2ebede5b4f1c4a3da0ae80d76cf0c2ffae504/element/9c4610b4-6ba2-4211-9e5e-b6f626aba086/displayed&apos;
21:14:15.897 [AsyncHttpClient-1-3] DEBUG org.asynchttpclient.netty.handler.HttpHandler - 

Request DefaultFullHttpRequest(decodeResult: success, version: HTTP/1.1, content: EmptyByteBufBE)
GET /wd/hub/session/eda2ebede5b4f1c4a3da0ae80d76cf0c2ffae504/element/9c4610b4-6ba2-4211-9e5e-b6f626aba086/displayed HTTP/1.1
User-Agent: selenium/4.5.0 (java windows)
Cache-Control: no-cache
Content-Type: application/json; charset=utf-8
host: hub-cloud.browserstack.com
authorization: Basic c2FnYXJ2YXJ1bGVfTnYyazhsOnhUemoyZU54Wnl0bkpicngxZTZD
accept: */*

Response DefaultHttpResponse(decodeResult: success, version: HTTP/1.1)
HTTP/1.1 200 OK
Server: nginx
Date: Thu, 01 Dec 2022 15:44:15 GMT
Content-Type: application/json; charset=utf-8
Connection: keep-alive
Source-From: 02
x-powered-by: Express
etag: W/&quot;e-2ZHvAWebNQpyjGZTg6uyV8/spTo&quot;
content-length: 14

21:14:15.897 [AsyncHttpClient-1-3] DEBUG org.asynchttpclient.netty.channel.ChannelManager - Adding key: http://hub-cloud.browserstack.com:80 for channel [id: 0xca0f3c40, L:/192.168.0.148:65103 - R:hub-cloud.browserstack.com/103.126.7.240:80]
21:14:15.899 [Forwarding findElement on session eda2ebede5b4f1c4a3da0ae80d76cf0c2ffae504 to remote] DEBUG org.asynchttpclient.netty.request.NettyRequestSender - Using pooled Channel &apos;[id: 0xca0f3c40, L:/192.168.0.148:65103 - R:hub-cloud.browserstack.com/103.126.7.240:80]&apos; for &apos;POST&apos; to &apos;http://sagarvarule_Nv2k8l:xTzj2eNxZytnJbrx1e6C@hub-cloud.browserstack.com/wd/hub/session/eda2ebede5b4f1c4a3da0ae80d76cf0c2ffae504/element&apos;
21:14:15.900 [Forwarding findElement on session eda2ebede5b4f1c4a3da0ae80d76cf0c2ffae504 to remote] DEBUG org.asynchttpclient.netty.request.NettyRequestSender - Using open Channel [id: 0xca0f3c40, L:/192.168.0.148:65103 - R:hub-cloud.browserstack.com/103.126.7.240:80] for POST &apos;/wd/hub/session/eda2ebede5b4f1c4a3da0ae80d76cf0c2ffae504/element&apos;
21:14:15.988 [AsyncHttpClient-1-3] DEBUG org.asynchttpclient.netty.handler.HttpHandler - 

Request DefaultHttpRequest(decodeResult: success, version: HTTP/1.1)
POST /wd/hub/session/eda2ebede5b4f1c4a3da0ae80d76cf0c2ffae504/element HTTP/1.1
User-Agent: selenium/4.5.0 (java windows)
Content-Length: 95
Content-Type: application/json; charset=utf-8
host: hub-cloud.browserstack.com
authorization: Basic c2FnYXJ2YXJ1bGVfTnYyazhsOnhUemoyZU54Wnl0bkpicngxZTZD
accept: */*

Response DefaultHttpResponse(decodeResult: success, version: HTTP/1.1)
HTTP/1.1 200 OK
Server: nginx
Date: Thu, 01 Dec 2022 15:44:15 GMT
Content-Type: application/json; charset=utf-8
Connection: keep-alive
Source-From: 02
x-powered-by: Express
vary: X-HTTP-Method-Override
etag: W/&quot;89-kscwXcw1mf2bGkgRDVg+Jhqqruo&quot;
content-length: 137

21:14:15.988 [AsyncHttpClient-1-3] DEBUG org.asynchttpclient.netty.channel.ChannelManager - Adding key: http://hub-cloud.browserstack.com:80 for channel [id: 0xca0f3c40, L:/192.168.0.148:65103 - R:hub-cloud.browserstack.com/103.126.7.240:80]
21:14:15.991 [Forwarding sendKeysToElement on session eda2ebede5b4f1c4a3da0ae80d76cf0c2ffae504 to remote] DEBUG org.asynchttpclient.netty.request.NettyRequestSender - Using pooled Channel &apos;[id: 0xca0f3c40, L:/192.168.0.148:65103 - R:hub-cloud.browserstack.com/103.126.7.240:80]&apos; for &apos;POST&apos; to &apos;http://sagarvarule_Nv2k8l:xTzj2eNxZytnJbrx1e6C@hub-cloud.browserstack.com/wd/hub/session/eda2ebede5b4f1c4a3da0ae80d76cf0c2ffae504/element/2185334d-7f19-4750-8917-2399dde95b2a/value&apos;
21:14:15.992 [Forwarding sendKeysToElement on session eda2ebede5b4f1c4a3da0ae80d76cf0c2ffae504 to remote] DEBUG org.asynchttpclient.netty.request.NettyRequestSender - Using open Channel [id: 0xca0f3c40, L:/192.168.0.148:65103 - R:hub-cloud.browserstack.com/103.126.7.240:80] for POST &apos;/wd/hub/session/eda2ebede5b4f1c4a3da0ae80d76cf0c2ffae504/element/2185334d-7f19-4750-8917-2399dde95b2a/value&apos;
21:14:16.700 [AsyncHttpClient-1-3] DEBUG org.asynchttpclient.netty.handler.HttpHandler - 

Request DefaultHttpRequest(decodeResult: success, version: HTTP/1.1)
POST /wd/hub/session/eda2ebede5b4f1c4a3da0ae80d76cf0c2ffae504/element/2185334d-7f19-4750-8917-2399dde95b2a/value HTTP/1.1
User-Agent: selenium/4.5.0 (java windows)
Content-Length: 82
Content-Type: application/json; charset=utf-8
host: hub-cloud.browserstack.com
authorization: Basic c2FnYXJ2YXJ1bGVfTnYyazhsOnhUemoyZU54Wnl0bkpicngxZTZD
accept: */*

Response DefaultHttpResponse(decodeResult: success, version: HTTP/1.1)
HTTP/1.1 200 OK
Server: nginx
Date: Thu, 01 Dec 2022 15:44:16 GMT
Content-Type: application/json; charset=utf-8
Connection: keep-alive
Source-From: 02
x-powered-by: Express
vary: X-HTTP-Method-Override
etag: W/&quot;e-9/1BuKMgFObM1mWJm+YjxtXJnUM&quot;
content-length: 14

21:14:16.700 [AsyncHttpClient-1-3] DEBUG org.asynchttpclient.netty.channel.ChannelManager - Adding key: http://hub-cloud.browserstack.com:80 for channel [id: 0xca0f3c40, L:/192.168.0.148:65103 - R:hub-cloud.browserstack.com/103.126.7.240:80]
21:14:16.702 [Forwarding findElement on session eda2ebede5b4f1c4a3da0ae80d76cf0c2ffae504 to remote] DEBUG org.asynchttpclient.netty.request.NettyRequestSender - Using pooled Channel &apos;[id: 0xca0f3c40, L:/192.168.0.148:65103 - R:hub-cloud.browserstack.com/103.126.7.240:80]&apos; for &apos;POST&apos; to &apos;http://sagarvarule_Nv2k8l:xTzj2eNxZytnJbrx1e6C@hub-cloud.browserstack.com/wd/hub/session/eda2ebede5b4f1c4a3da0ae80d76cf0c2ffae504/element&apos;
21:14:16.702 [Forwarding findElement on session eda2ebede5b4f1c4a3da0ae80d76cf0c2ffae504 to remote] DEBUG org.asynchttpclient.netty.request.NettyRequestSender - Using open Channel [id: 0xca0f3c40, L:/192.168.0.148:65103 - R:hub-cloud.browserstack.com/103.126.7.240:80] for POST &apos;/wd/hub/session/eda2ebede5b4f1c4a3da0ae80d76cf0c2ffae504/element&apos;
21:14:17.308 [AsyncHttpClient-1-3] DEBUG org.asynchttpclient.netty.handler.HttpHandler - 

Request DefaultHttpRequest(decodeResult: success, version: HTTP/1.1)
POST /wd/hub/session/eda2ebede5b4f1c4a3da0ae80d76cf0c2ffae504/element HTTP/1.1
User-Agent: selenium/4.5.0 (java windows)
Content-Length: 95
Content-Type: application/json; charset=utf-8
host: hub-cloud.browserstack.com
authorization: Basic c2FnYXJ2YXJ1bGVfTnYyazhsOnhUemoyZU54Wnl0bkpicngxZTZD
accept: */*

Response DefaultHttpResponse(decodeResult: success, version: HTTP/1.1)
HTTP/1.1 200 OK
Server: nginx
Date: Thu, 01 Dec 2022 15:44:17 GMT
Content-Type: application/json; charset=utf-8
Connection: keep-alive
Source-From: 02
x-powered-by: Express
vary: X-HTTP-Method-Override
etag: W/&quot;89-D+nVDe2XUHrGWefDw5SobRKuI5M&quot;
content-length: 137

21:14:17.308 [AsyncHttpClient-1-3] DEBUG org.asynchttpclient.netty.channel.ChannelManager - Adding key: http://hub-cloud.browserstack.com:80 for channel [id: 0xca0f3c40, L:/192.168.0.148:65103 - R:hub-cloud.browserstack.com/103.126.7.240:80]
21:14:17.310 [Forwarding sendKeysToElement on session eda2ebede5b4f1c4a3da0ae80d76cf0c2ffae504 to remote] DEBUG org.asynchttpclient.netty.request.NettyRequestSender - Using pooled Channel &apos;[id: 0xca0f3c40, L:/192.168.0.148:65103 - R:hub-cloud.browserstack.com/103.126.7.240:80]&apos; for &apos;POST&apos; to &apos;http://sagarvarule_Nv2k8l:xTzj2eNxZytnJbrx1e6C@hub-cloud.browserstack.com/wd/hub/session/eda2ebede5b4f1c4a3da0ae80d76cf0c2ffae504/element/5fcb88f1-c49f-4ee3-b748-d7973f0891cc/value&apos;
21:14:17.310 [Forwarding sendKeysToElement on session eda2ebede5b4f1c4a3da0ae80d76cf0c2ffae504 to remote] DEBUG org.asynchttpclient.netty.request.NettyRequestSender - Using open Channel [id: 0xca0f3c40, L:/192.168.0.148:65103 - R:hub-cloud.browserstack.com/103.126.7.240:80] for POST &apos;/wd/hub/session/eda2ebede5b4f1c4a3da0ae80d76cf0c2ffae504/element/5fcb88f1-c49f-4ee3-b748-d7973f0891cc/value&apos;
21:14:18.069 [AsyncHttpClient-1-3] DEBUG org.asynchttpclient.netty.handler.HttpHandler - 

Request DefaultHttpRequest(decodeResult: success, version: HTTP/1.1)
POST /wd/hub/session/eda2ebede5b4f1c4a3da0ae80d76cf0c2ffae504/element/5fcb88f1-c49f-4ee3-b748-d7973f0891cc/value HTTP/1.1
User-Agent: selenium/4.5.0 (java windows)
Content-Length: 181
Content-Type: application/json; charset=utf-8
host: hub-cloud.browserstack.com
authorization: Basic c2FnYXJ2YXJ1bGVfTnYyazhsOnhUemoyZU54Wnl0bkpicngxZTZD
accept: */*

Response DefaultHttpResponse(decodeResult: success, version: HTTP/1.1)
HTTP/1.1 200 OK
Server: nginx
Date: Thu, 01 Dec 2022 15:44:18 GMT
Content-Type: application/json; charset=utf-8
Connection: keep-alive
Source-From: 02
x-powered-by: Express
vary: X-HTTP-Method-Override
etag: W/&quot;e-9/1BuKMgFObM1mWJm+YjxtXJnUM&quot;
content-length: 14

21:14:18.069 [AsyncHttpClient-1-3] DEBUG org.asynchttpclient.netty.channel.ChannelManager - Adding key: http://hub-cloud.browserstack.com:80 for channel [id: 0xca0f3c40, L:/192.168.0.148:65103 - R:hub-cloud.browserstack.com/103.126.7.240:80]
21:14:18.072 [Forwarding findElement on session eda2ebede5b4f1c4a3da0ae80d76cf0c2ffae504 to remote] DEBUG org.asynchttpclient.netty.request.NettyRequestSender - Using pooled Channel &apos;[id: 0xca0f3c40, L:/192.168.0.148:65103 - R:hub-cloud.browserstack.com/103.126.7.240:80]&apos; for &apos;POST&apos; to &apos;http://sagarvarule_Nv2k8l:xTzj2eNxZytnJbrx1e6C@hub-cloud.browserstack.com/wd/hub/session/eda2ebede5b4f1c4a3da0ae80d76cf0c2ffae504/element&apos;
21:14:18.072 [Forwarding findElement on session eda2ebede5b4f1c4a3da0ae80d76cf0c2ffae504 to remote] DEBUG org.asynchttpclient.netty.request.NettyRequestSender - Using open Channel [id: 0xca0f3c40, L:/192.168.0.148:65103 - R:hub-cloud.browserstack.com/103.126.7.240:80] for POST &apos;/wd/hub/session/eda2ebede5b4f1c4a3da0ae80d76cf0c2ffae504/element&apos;
21:14:18.680 [AsyncHttpClient-1-3] DEBUG org.asynchttpclient.netty.handler.HttpHandler - 

Request DefaultHttpRequest(decodeResult: success, version: HTTP/1.1)
POST /wd/hub/session/eda2ebede5b4f1c4a3da0ae80d76cf0c2ffae504/element HTTP/1.1
User-Agent: selenium/4.5.0 (java windows)
Content-Length: 101
Content-Type: application/json; charset=utf-8
host: hub-cloud.browserstack.com
authorization: Basic c2FnYXJ2YXJ1bGVfTnYyazhsOnhUemoyZU54Wnl0bkpicngxZTZD
accept: */*

Response DefaultHttpResponse(decodeResult: success, version: HTTP/1.1)
HTTP/1.1 200 OK
Server: nginx
Date: Thu, 01 Dec 2022 15:44:18 GMT
Content-Type: application/json; charset=utf-8
Connection: keep-alive
Source-From: 02
x-powered-by: Express
vary: X-HTTP-Method-Override
etag: W/&quot;89-87VKoZoZTbCgKwsdm0dSgMGLi0U&quot;
content-length: 137

21:14:18.680 [AsyncHttpClient-1-3] DEBUG org.asynchttpclient.netty.channel.ChannelManager - Adding key: http://hub-cloud.browserstack.com:80 for channel [id: 0xca0f3c40, L:/192.168.0.148:65103 - R:hub-cloud.browserstack.com/103.126.7.240:80]
21:14:18.681 [Forwarding isElementDisplayed on session eda2ebede5b4f1c4a3da0ae80d76cf0c2ffae504 to remote] DEBUG org.asynchttpclient.netty.request.NettyRequestSender - Using pooled Channel &apos;[id: 0xca0f3c40, L:/192.168.0.148:65103 - R:hub-cloud.browserstack.com/103.126.7.240:80]&apos; for &apos;GET&apos; to &apos;http://sagarvarule_Nv2k8l:xTzj2eNxZytnJbrx1e6C@hub-cloud.browserstack.com/wd/hub/session/eda2ebede5b4f1c4a3da0ae80d76cf0c2ffae504/element/36c6f85e-9588-4227-a69e-32c2c9c11a56/displayed&apos;
21:14:18.682 [Forwarding isElementDisplayed on session eda2ebede5b4f1c4a3da0ae80d76cf0c2ffae504 to remote] DEBUG org.asynchttpclient.netty.request.NettyRequestSender - Using open Channel [id: 0xca0f3c40, L:/192.168.0.148:65103 - R:hub-cloud.browserstack.com/103.126.7.240:80] for GET &apos;/wd/hub/session/eda2ebede5b4f1c4a3da0ae80d76cf0c2ffae504/element/36c6f85e-9588-4227-a69e-32c2c9c11a56/displayed&apos;
21:14:18.760 [AsyncHttpClient-1-3] DEBUG org.asynchttpclient.netty.handler.HttpHandler - 

Request DefaultFullHttpRequest(decodeResult: success, version: HTTP/1.1, content: EmptyByteBufBE)
GET /wd/hub/session/eda2ebede5b4f1c4a3da0ae80d76cf0c2ffae504/element/36c6f85e-9588-4227-a69e-32c2c9c11a56/displayed HTTP/1.1
User-Agent: selenium/4.5.0 (java windows)
Cache-Control: no-cache
Content-Type: application/json; charset=utf-8
host: hub-cloud.browserstack.com
authorization: Basic c2FnYXJ2YXJ1bGVfTnYyazhsOnhUemoyZU54Wnl0bkpicngxZTZD
accept: */*

Response DefaultHttpResponse(decodeResult: success, version: HTTP/1.1)
HTTP/1.1 200 OK
Server: nginx
Date: Thu, 01 Dec 2022 15:44:18 GMT
Content-Type: application/json; charset=utf-8
Connection: keep-alive
Source-From: 02
x-powered-by: Express
etag: W/&quot;e-2ZHvAWebNQpyjGZTg6uyV8/spTo&quot;
content-length: 14

21:14:18.760 [AsyncHttpClient-1-3] DEBUG org.asynchttpclient.netty.channel.ChannelManager - Adding key: http://hub-cloud.browserstack.com:80 for channel [id: 0xca0f3c40, L:/192.168.0.148:65103 - R:hub-cloud.browserstack.com/103.126.7.240:80]
21:14:18.762 [Forwarding findElement on session eda2ebede5b4f1c4a3da0ae80d76cf0c2ffae504 to remote] DEBUG org.asynchttpclient.netty.request.NettyRequestSender - Using pooled Channel &apos;[id: 0xca0f3c40, L:/192.168.0.148:65103 - R:hub-cloud.browserstack.com/103.126.7.240:80]&apos; for &apos;POST&apos; to &apos;http://sagarvarule_Nv2k8l:xTzj2eNxZytnJbrx1e6C@hub-cloud.browserstack.com/wd/hub/session/eda2ebede5b4f1c4a3da0ae80d76cf0c2ffae504/element&apos;
21:14:18.762 [Forwarding findElement on session eda2ebede5b4f1c4a3da0ae80d76cf0c2ffae504 to remote] DEBUG org.asynchttpclient.netty.request.NettyRequestSender - Using open Channel [id: 0xca0f3c40, L:/192.168.0.148:65103 - R:hub-cloud.browserstack.com/103.126.7.240:80] for POST &apos;/wd/hub/session/eda2ebede5b4f1c4a3da0ae80d76cf0c2ffae504/element&apos;
21:14:18.847 [AsyncHttpClient-1-3] DEBUG org.asynchttpclient.netty.handler.HttpHandler - 

Request DefaultHttpRequest(decodeResult: success, version: HTTP/1.1)
POST /wd/hub/session/eda2ebede5b4f1c4a3da0ae80d76cf0c2ffae504/element HTTP/1.1
User-Agent: selenium/4.5.0 (java windows)
Content-Length: 101
Content-Type: application/json; charset=utf-8
host: hub-cloud.browserstack.com
authorization: Basic c2FnYXJ2YXJ1bGVfTnYyazhsOnhUemoyZU54Wnl0bkpicngxZTZD
accept: */*

Response DefaultHttpResponse(decodeResult: success, version: HTTP/1.1)
HTTP/1.1 200 OK
Server: nginx
Date: Thu, 01 Dec 2022 15:44:18 GMT
Content-Type: application/json; charset=utf-8
Connection: keep-alive
Source-From: 02
x-powered-by: Express
vary: X-HTTP-Method-Override
etag: W/&quot;89-3/K8++RyQO6ELk6VrWAXkJZd7mc&quot;
content-length: 137

21:14:18.847 [AsyncHttpClient-1-3] DEBUG org.asynchttpclient.netty.channel.ChannelManager - Adding key: http://hub-cloud.browserstack.com:80 for channel [id: 0xca0f3c40, L:/192.168.0.148:65103 - R:hub-cloud.browserstack.com/103.126.7.240:80]
21:14:18.849 [Forwarding sendKeysToElement on session eda2ebede5b4f1c4a3da0ae80d76cf0c2ffae504 to remote] DEBUG org.asynchttpclient.netty.request.NettyRequestSender - Using pooled Channel &apos;[id: 0xca0f3c40, L:/192.168.0.148:65103 - R:hub-cloud.browserstack.com/103.126.7.240:80]&apos; for &apos;POST&apos; to &apos;http://sagarvarule_Nv2k8l:xTzj2eNxZytnJbrx1e6C@hub-cloud.browserstack.com/wd/hub/session/eda2ebede5b4f1c4a3da0ae80d76cf0c2ffae504/element/ac1b6920-3fa8-467f-a279-091e9b1534af/value&apos;
21:14:18.849 [Forwarding sendKeysToElement on session eda2ebede5b4f1c4a3da0ae80d76cf0c2ffae504 to remote] DEBUG org.asynchttpclient.netty.request.NettyRequestSender - Using open Channel [id: 0xca0f3c40, L:/192.168.0.148:65103 - R:hub-cloud.browserstack.com/103.126.7.240:80] for POST &apos;/wd/hub/session/eda2ebede5b4f1c4a3da0ae80d76cf0c2ffae504/element/ac1b6920-3fa8-467f-a279-091e9b1534af/value&apos;
21:14:19.472 [AsyncHttpClient-1-3] DEBUG org.asynchttpclient.netty.handler.HttpHandler - 

Request DefaultHttpRequest(decodeResult: success, version: HTTP/1.1)
POST /wd/hub/session/eda2ebede5b4f1c4a3da0ae80d76cf0c2ffae504/element/ac1b6920-3fa8-467f-a279-091e9b1534af/value HTTP/1.1
User-Agent: selenium/4.5.0 (java windows)
Content-Length: 82
Content-Type: application/json; charset=utf-8
host: hub-cloud.browserstack.com
authorization: Basic c2FnYXJ2YXJ1bGVfTnYyazhsOnhUemoyZU54Wnl0bkpicngxZTZD
accept: */*

Response DefaultHttpResponse(decodeResult: success, version: HTTP/1.1)
HTTP/1.1 200 OK
Server: nginx
Date: Thu, 01 Dec 2022 15:44:19 GMT
Content-Type: application/json; charset=utf-8
Connection: keep-alive
Source-From: 02
x-powered-by: Express
vary: X-HTTP-Method-Override
etag: W/&quot;e-9/1BuKMgFObM1mWJm+YjxtXJnUM&quot;
content-length: 14

21:14:19.472 [AsyncHttpClient-1-3] DEBUG org.asynchttpclient.netty.channel.ChannelManager - Adding key: http://hub-cloud.browserstack.com:80 for channel [id: 0xca0f3c40, L:/192.168.0.148:65103 - R:hub-cloud.browserstack.com/103.126.7.240:80]
21:14:19.474 [Forwarding findElement on session eda2ebede5b4f1c4a3da0ae80d76cf0c2ffae504 to remote] DEBUG org.asynchttpclient.netty.request.NettyRequestSender - Using pooled Channel &apos;[id: 0xca0f3c40, L:/192.168.0.148:65103 - R:hub-cloud.browserstack.com/103.126.7.240:80]&apos; for &apos;POST&apos; to &apos;http://sagarvarule_Nv2k8l:xTzj2eNxZytnJbrx1e6C@hub-cloud.browserstack.com/wd/hub/session/eda2ebede5b4f1c4a3da0ae80d76cf0c2ffae504/element&apos;
21:14:19.474 [Forwarding findElement on session eda2ebede5b4f1c4a3da0ae80d76cf0c2ffae504 to remote] DEBUG org.asynchttpclient.netty.request.NettyRequestSender - Using open Channel [id: 0xca0f3c40, L:/192.168.0.148:65103 - R:hub-cloud.browserstack.com/103.126.7.240:80] for POST &apos;/wd/hub/session/eda2ebede5b4f1c4a3da0ae80d76cf0c2ffae504/element&apos;
21:14:19.968 [AsyncHttpClient-1-3] DEBUG org.asynchttpclient.netty.handler.HttpHandler - 

Request DefaultHttpRequest(decodeResult: success, version: HTTP/1.1)
POST /wd/hub/session/eda2ebede5b4f1c4a3da0ae80d76cf0c2ffae504/element HTTP/1.1
User-Agent: selenium/4.5.0 (java windows)
Content-Length: 101
Content-Type: application/json; charset=utf-8
host: hub-cloud.browserstack.com
authorization: Basic c2FnYXJ2YXJ1bGVfTnYyazhsOnhUemoyZU54Wnl0bkpicngxZTZD
accept: */*

Response DefaultHttpResponse(decodeResult: success, version: HTTP/1.1)
HTTP/1.1 200 OK
Server: nginx
Date: Thu, 01 Dec 2022 15:44:19 GMT
Content-Type: application/json; charset=utf-8
Connection: keep-alive
Source-From: 02
x-powered-by: Express
vary: X-HTTP-Method-Override
etag: W/&quot;89-h7snBvHbxaBTAZ9LfdbvkKg13TI&quot;
content-length: 137

21:14:19.969 [AsyncHttpClient-1-3] DEBUG org.asynchttpclient.netty.channel.ChannelManager - Adding key: http://hub-cloud.browserstack.com:80 for channel [id: 0xca0f3c40, L:/192.168.0.148:65103 - R:hub-cloud.browserstack.com/103.126.7.240:80]
21:14:19.972 [Forwarding sendKeysToElement on session eda2ebede5b4f1c4a3da0ae80d76cf0c2ffae504 to remote] DEBUG org.asynchttpclient.netty.request.NettyRequestSender - Using pooled Channel &apos;[id: 0xca0f3c40, L:/192.168.0.148:65103 - R:hub-cloud.browserstack.com/103.126.7.240:80]&apos; for &apos;POST&apos; to &apos;http://sagarvarule_Nv2k8l:xTzj2eNxZytnJbrx1e6C@hub-cloud.browserstack.com/wd/hub/session/eda2ebede5b4f1c4a3da0ae80d76cf0c2ffae504/element/37f5f8cd-291f-4d38-9cab-1d6cc8ab4ee9/value&apos;
21:14:19.972 [Forwarding sendKeysToElement on session eda2ebede5b4f1c4a3da0ae80d76cf0c2ffae504 to remote] DEBUG org.asynchttpclient.netty.request.NettyRequestSender - Using open Channel [id: 0xca0f3c40, L:/192.168.0.148:65103 - R:hub-cloud.browserstack.com/103.126.7.240:80] for POST &apos;/wd/hub/session/eda2ebede5b4f1c4a3da0ae80d76cf0c2ffae504/element/37f5f8cd-291f-4d38-9cab-1d6cc8ab4ee9/value&apos;
21:14:20.558 [AsyncHttpClient-1-3] DEBUG org.asynchttpclient.netty.handler.HttpHandler - 

Request DefaultHttpRequest(decodeResult: success, version: HTTP/1.1)
POST /wd/hub/session/eda2ebede5b4f1c4a3da0ae80d76cf0c2ffae504/element/37f5f8cd-291f-4d38-9cab-1d6cc8ab4ee9/value HTTP/1.1
User-Agent: selenium/4.5.0 (java windows)
Content-Length: 82
Content-Type: application/json; charset=utf-8
host: hub-cloud.browserstack.com
authorization: Basic c2FnYXJ2YXJ1bGVfTnYyazhsOnhUemoyZU54Wnl0bkpicngxZTZD
accept: */*

Response DefaultHttpResponse(decodeResult: success, version: HTTP/1.1)
HTTP/1.1 200 OK
Server: nginx
Date: Thu, 01 Dec 2022 15:44:20 GMT
Content-Type: application/json; charset=utf-8
Connection: keep-alive
Source-From: 02
x-powered-by: Express
vary: X-HTTP-Method-Override
etag: W/&quot;e-9/1BuKMgFObM1mWJm+YjxtXJnUM&quot;
content-length: 14

21:14:20.558 [AsyncHttpClient-1-3] DEBUG org.asynchttpclient.netty.channel.ChannelManager - Adding key: http://hub-cloud.browserstack.com:80 for channel [id: 0xca0f3c40, L:/192.168.0.148:65103 - R:hub-cloud.browserstack.com/103.126.7.240:80]
21:14:20.560 [Forwarding findElement on session eda2ebede5b4f1c4a3da0ae80d76cf0c2ffae504 to remote] DEBUG org.asynchttpclient.netty.request.NettyRequestSender - Using pooled Channel &apos;[id: 0xca0f3c40, L:/192.168.0.148:65103 - R:hub-cloud.browserstack.com/103.126.7.240:80]&apos; for &apos;POST&apos; to &apos;http://sagarvarule_Nv2k8l:xTzj2eNxZytnJbrx1e6C@hub-cloud.browserstack.com/wd/hub/session/eda2ebede5b4f1c4a3da0ae80d76cf0c2ffae504/element&apos;
21:14:20.561 [Forwarding findElement on session eda2ebede5b4f1c4a3da0ae80d76cf0c2ffae504 to remote] DEBUG org.asynchttpclient.netty.request.NettyRequestSender - Using open Channel [id: 0xca0f3c40, L:/192.168.0.148:65103 - R:hub-cloud.browserstack.com/103.126.7.240:80] for POST &apos;/wd/hub/session/eda2ebede5b4f1c4a3da0ae80d76cf0c2ffae504/element&apos;
21:14:21.088 [AsyncHttpClient-1-3] DEBUG org.asynchttpclient.netty.handler.HttpHandler - 

Request DefaultHttpRequest(decodeResult: success, version: HTTP/1.1)
POST /wd/hub/session/eda2ebede5b4f1c4a3da0ae80d76cf0c2ffae504/element HTTP/1.1
User-Agent: selenium/4.5.0 (java windows)
Content-Length: 94
Content-Type: application/json; charset=utf-8
host: hub-cloud.browserstack.com
authorization: Basic c2FnYXJ2YXJ1bGVfTnYyazhsOnhUemoyZU54Wnl0bkpicngxZTZD
accept: */*

Response DefaultHttpResponse(decodeResult: success, version: HTTP/1.1)
HTTP/1.1 200 OK
Server: nginx
Date: Thu, 01 Dec 2022 15:44:21 GMT
Content-Type: application/json; charset=utf-8
Connection: keep-alive
Source-From: 02
x-powered-by: Express
vary: X-HTTP-Method-Override
etag: W/&quot;89-8+7U9qPPSLkbvB8DsZsfgINgPyc&quot;
content-length: 137

21:14:21.088 [AsyncHttpClient-1-3] DEBUG org.asynchttpclient.netty.channel.ChannelManager - Adding key: http://hub-cloud.browserstack.com:80 for channel [id: 0xca0f3c40, L:/192.168.0.148:65103 - R:hub-cloud.browserstack.com/103.126.7.240:80]
21:14:21.090 [Forwarding isElementDisplayed on session eda2ebede5b4f1c4a3da0ae80d76cf0c2ffae504 to remote] DEBUG org.asynchttpclient.netty.request.NettyRequestSender - Using pooled Channel &apos;[id: 0xca0f3c40, L:/192.168.0.148:65103 - R:hub-cloud.browserstack.com/103.126.7.240:80]&apos; for &apos;GET&apos; to &apos;http://sagarvarule_Nv2k8l:xTzj2eNxZytnJbrx1e6C@hub-cloud.browserstack.com/wd/hub/session/eda2ebede5b4f1c4a3da0ae80d76cf0c2ffae504/element/a0cd72d4-3aaa-48ee-8d37-9d055a672792/displayed&apos;
21:14:21.090 [Forwarding isElementDisplayed on session eda2ebede5b4f1c4a3da0ae80d76cf0c2ffae504 to remote] DEBUG org.asynchttpclient.netty.request.NettyRequestSender - Using open Channel [id: 0xca0f3c40, L:/192.168.0.148:65103 - R:hub-cloud.browserstack.com/103.126.7.240:80] for GET &apos;/wd/hub/session/eda2ebede5b4f1c4a3da0ae80d76cf0c2ffae504/element/a0cd72d4-3aaa-48ee-8d37-9d055a672792/displayed&apos;
21:14:21.204 [AsyncHttpClient-1-3] DEBUG org.asynchttpclient.netty.handler.HttpHandler - 

Request DefaultFullHttpRequest(decodeResult: success, version: HTTP/1.1, content: EmptyByteBufBE)
GET /wd/hub/session/eda2ebede5b4f1c4a3da0ae80d76cf0c2ffae504/element/a0cd72d4-3aaa-48ee-8d37-9d055a672792/displayed HTTP/1.1
User-Agent: selenium/4.5.0 (java windows)
Cache-Control: no-cache
Content-Type: application/json; charset=utf-8
host: hub-cloud.browserstack.com
authorization: Basic c2FnYXJ2YXJ1bGVfTnYyazhsOnhUemoyZU54Wnl0bkpicngxZTZD
accept: */*

Response DefaultHttpResponse(decodeResult: success, version: HTTP/1.1)
HTTP/1.1 200 OK
Server: nginx
Date: Thu, 01 Dec 2022 15:44:21 GMT
Content-Type: application/json; charset=utf-8
Connection: keep-alive
Source-From: 02
x-powered-by: Express
etag: W/&quot;e-2ZHvAWebNQpyjGZTg6uyV8/spTo&quot;
content-length: 14

21:14:21.204 [AsyncHttpClient-1-3] DEBUG org.asynchttpclient.netty.channel.ChannelManager - Adding key: http://hub-cloud.browserstack.com:80 for channel [id: 0xca0f3c40, L:/192.168.0.148:65103 - R:hub-cloud.browserstack.com/103.126.7.240:80]
21:14:21.206 [Forwarding findElement on session eda2ebede5b4f1c4a3da0ae80d76cf0c2ffae504 to remote] DEBUG org.asynchttpclient.netty.request.NettyRequestSender - Using pooled Channel &apos;[id: 0xca0f3c40, L:/192.168.0.148:65103 - R:hub-cloud.browserstack.com/103.126.7.240:80]&apos; for &apos;POST&apos; to &apos;http://sagarvarule_Nv2k8l:xTzj2eNxZytnJbrx1e6C@hub-cloud.browserstack.com/wd/hub/session/eda2ebede5b4f1c4a3da0ae80d76cf0c2ffae504/element&apos;
21:14:21.206 [Forwarding findElement on session eda2ebede5b4f1c4a3da0ae80d76cf0c2ffae504 to remote] DEBUG org.asynchttpclient.netty.request.NettyRequestSender - Using open Channel [id: 0xca0f3c40, L:/192.168.0.148:65103 - R:hub-cloud.browserstack.com/103.126.7.240:80] for POST &apos;/wd/hub/session/eda2ebede5b4f1c4a3da0ae80d76cf0c2ffae504/element&apos;
21:14:21.327 [AsyncHttpClient-1-3] DEBUG org.asynchttpclient.netty.handler.HttpHandler - 

Request DefaultHttpRequest(decodeResult: success, version: HTTP/1.1)
POST /wd/hub/session/eda2ebede5b4f1c4a3da0ae80d76cf0c2ffae504/element HTTP/1.1
User-Agent: selenium/4.5.0 (java windows)
Content-Length: 94
Content-Type: application/json; charset=utf-8
host: hub-cloud.browserstack.com
authorization: Basic c2FnYXJ2YXJ1bGVfTnYyazhsOnhUemoyZU54Wnl0bkpicngxZTZD
accept: */*

Response DefaultHttpResponse(decodeResult: success, version: HTTP/1.1)
HTTP/1.1 200 OK
Server: nginx
Date: Thu, 01 Dec 2022 15:44:21 GMT
Content-Type: application/json; charset=utf-8
Connection: keep-alive
Source-From: 02
x-powered-by: Express
vary: X-HTTP-Method-Override
etag: W/&quot;89-Q6ZnkS8Bl2xhLnRiRaTFsU+6QEg&quot;
content-length: 137

21:14:21.327 [AsyncHttpClient-1-3] DEBUG org.asynchttpclient.netty.channel.ChannelManager - Adding key: http://hub-cloud.browserstack.com:80 for channel [id: 0xca0f3c40, L:/192.168.0.148:65103 - R:hub-cloud.browserstack.com/103.126.7.240:80]
21:14:21.329 [Forwarding isElementEnabled on session eda2ebede5b4f1c4a3da0ae80d76cf0c2ffae504 to remote] DEBUG org.asynchttpclient.netty.request.NettyRequestSender - Using pooled Channel &apos;[id: 0xca0f3c40, L:/192.168.0.148:65103 - R:hub-cloud.browserstack.com/103.126.7.240:80]&apos; for &apos;GET&apos; to &apos;http://sagarvarule_Nv2k8l:xTzj2eNxZytnJbrx1e6C@hub-cloud.browserstack.com/wd/hub/session/eda2ebede5b4f1c4a3da0ae80d76cf0c2ffae504/element/1a4024f6-25b3-4f64-96c5-76c5a6b2f830/enabled&apos;
21:14:21.329 [Forwarding isElementEnabled on session eda2ebede5b4f1c4a3da0ae80d76cf0c2ffae504 to remote] DEBUG org.asynchttpclient.netty.request.NettyRequestSender - Using open Channel [id: 0xca0f3c40, L:/192.168.0.148:65103 - R:hub-cloud.browserstack.com/103.126.7.240:80] for GET &apos;/wd/hub/session/eda2ebede5b4f1c4a3da0ae80d76cf0c2ffae504/element/1a4024f6-25b3-4f64-96c5-76c5a6b2f830/enabled&apos;
21:14:21.465 [AsyncHttpClient-1-3] DEBUG org.asynchttpclient.netty.handler.HttpHandler - 

Request DefaultFullHttpRequest(decodeResult: success, version: HTTP/1.1, content: EmptyByteBufBE)
GET /wd/hub/session/eda2ebede5b4f1c4a3da0ae80d76cf0c2ffae504/element/1a4024f6-25b3-4f64-96c5-76c5a6b2f830/enabled HTTP/1.1
User-Agent: selenium/4.5.0 (java windows)
Cache-Control: no-cache
Content-Type: application/json; charset=utf-8
host: hub-cloud.browserstack.com
authorization: Basic c2FnYXJ2YXJ1bGVfTnYyazhsOnhUemoyZU54Wnl0bkpicngxZTZD
accept: */*

Response DefaultHttpResponse(decodeResult: success, version: HTTP/1.1)
HTTP/1.1 200 OK
Server: nginx
Date: Thu, 01 Dec 2022 15:44:21 GMT
Content-Type: application/json; charset=utf-8
Connection: keep-alive
Source-From: 02
x-powered-by: Express
etag: W/&quot;e-2ZHvAWebNQpyjGZTg6uyV8/spTo&quot;
content-length: 14

21:14:21.466 [AsyncHttpClient-1-3] DEBUG org.asynchttpclient.netty.channel.ChannelManager - Adding key: http://hub-cloud.browserstack.com:80 for channel [id: 0xca0f3c40, L:/192.168.0.148:65103 - R:hub-cloud.browserstack.com/103.126.7.240:80]
21:14:21.467 [Forwarding findElement on session eda2ebede5b4f1c4a3da0ae80d76cf0c2ffae504 to remote] DEBUG org.asynchttpclient.netty.request.NettyRequestSender - Using pooled Channel &apos;[id: 0xca0f3c40, L:/192.168.0.148:65103 - R:hub-cloud.browserstack.com/103.126.7.240:80]&apos; for &apos;POST&apos; to &apos;http://sagarvarule_Nv2k8l:xTzj2eNxZytnJbrx1e6C@hub-cloud.browserstack.com/wd/hub/session/eda2ebede5b4f1c4a3da0ae80d76cf0c2ffae504/element&apos;
21:14:21.467 [Forwarding findElement on session eda2ebede5b4f1c4a3da0ae80d76cf0c2ffae504 to remote] DEBUG org.asynchttpclient.netty.request.NettyRequestSender - Using open Channel [id: 0xca0f3c40, L:/192.168.0.148:65103 - R:hub-cloud.browserstack.com/103.126.7.240:80] for POST &apos;/wd/hub/session/eda2ebede5b4f1c4a3da0ae80d76cf0c2ffae504/element&apos;
21:14:21.548 [AsyncHttpClient-1-3] DEBUG org.asynchttpclient.netty.handler.HttpHandler - 

Request DefaultHttpRequest(decodeResult: success, version: HTTP/1.1)
POST /wd/hub/session/eda2ebede5b4f1c4a3da0ae80d76cf0c2ffae504/element HTTP/1.1
User-Agent: selenium/4.5.0 (java windows)
Content-Length: 94
Content-Type: application/json; charset=utf-8
host: hub-cloud.browserstack.com
authorization: Basic c2FnYXJ2YXJ1bGVfTnYyazhsOnhUemoyZU54Wnl0bkpicngxZTZD
accept: */*

Response DefaultHttpResponse(decodeResult: success, version: HTTP/1.1)
HTTP/1.1 200 OK
Server: nginx
Date: Thu, 01 Dec 2022 15:44:21 GMT
Content-Type: application/json; charset=utf-8
Connection: keep-alive
Source-From: 02
x-powered-by: Express
vary: X-HTTP-Method-Override
etag: W/&quot;89-+n3YZYl0CvZdeVj62zqF7ZDjhZY&quot;
content-length: 137

21:14:21.548 [AsyncHttpClient-1-3] DEBUG org.asynchttpclient.netty.channel.ChannelManager - Adding key: http://hub-cloud.browserstack.com:80 for channel [id: 0xca0f3c40, L:/192.168.0.148:65103 - R:hub-cloud.browserstack.com/103.126.7.240:80]
21:14:21.550 [Forwarding clickElement on session eda2ebede5b4f1c4a3da0ae80d76cf0c2ffae504 to remote] DEBUG org.asynchttpclient.netty.request.NettyRequestSender - Using pooled Channel &apos;[id: 0xca0f3c40, L:/192.168.0.148:65103 - R:hub-cloud.browserstack.com/103.126.7.240:80]&apos; for &apos;POST&apos; to &apos;http://sagarvarule_Nv2k8l:xTzj2eNxZytnJbrx1e6C@hub-cloud.browserstack.com/wd/hub/session/eda2ebede5b4f1c4a3da0ae80d76cf0c2ffae504/element/dbfc3b3d-8c37-40c9-aae7-fff0b2a12cb0/click&apos;
21:14:21.550 [Forwarding clickElement on session eda2ebede5b4f1c4a3da0ae80d76cf0c2ffae504 to remote] DEBUG org.asynchttpclient.netty.request.NettyRequestSender - Using open Channel [id: 0xca0f3c40, L:/192.168.0.148:65103 - R:hub-cloud.browserstack.com/103.126.7.240:80] for POST &apos;/wd/hub/session/eda2ebede5b4f1c4a3da0ae80d76cf0c2ffae504/element/dbfc3b3d-8c37-40c9-aae7-fff0b2a12cb0/click&apos;
21:14:21.645 [AsyncHttpClient-1-3] DEBUG org.asynchttpclient.netty.handler.HttpHandler - 

Request DefaultHttpRequest(decodeResult: success, version: HTTP/1.1)
POST /wd/hub/session/eda2ebede5b4f1c4a3da0ae80d76cf0c2ffae504/element/dbfc3b3d-8c37-40c9-aae7-fff0b2a12cb0/click HTTP/1.1
User-Agent: selenium/4.5.0 (java windows)
Content-Length: 50
Content-Type: application/json; charset=utf-8
host: hub-cloud.browserstack.com
authorization: Basic c2FnYXJ2YXJ1bGVfTnYyazhsOnhUemoyZU54Wnl0bkpicngxZTZD
accept: */*

Response DefaultHttpResponse(decodeResult: success, version: HTTP/1.1)
HTTP/1.1 200 OK
Server: nginx
Date: Thu, 01 Dec 2022 15:44:21 GMT
Content-Type: application/json; charset=utf-8
Connection: keep-alive
Source-From: 02
x-powered-by: Express
vary: X-HTTP-Method-Override
etag: W/&quot;e-9/1BuKMgFObM1mWJm+YjxtXJnUM&quot;
content-length: 14

21:14:21.645 [AsyncHttpClient-1-3] DEBUG org.asynchttpclient.netty.channel.ChannelManager - Adding key: http://hub-cloud.browserstack.com:80 for channel [id: 0xca0f3c40, L:/192.168.0.148:65103 - R:hub-cloud.browserstack.com/103.126.7.240:80]
  &amp;#27;[32mWhen &amp;#27;[0m&amp;#27;[32mI add Note with &amp;#27;[0m&amp;#27;[32m&amp;#27;[1m&quot;testTitle3&quot;&amp;#27;[0m&amp;#27;[32m and &amp;#27;[0m&amp;#27;[32m&amp;#27;[1m&quot;file:largetextFile.txt&quot;&amp;#27;[0m    &amp;#27;[90m# com.example.cocusmobiletest.stepdefinitions.NewNoteStepdefs.I_add_Note_with_and(java.lang.String,java.lang.String)&amp;#27;[0m
21:14:21.648 [Forwarding findElement on session eda2ebede5b4f1c4a3da0ae80d76cf0c2ffae504 to remote] DEBUG org.asynchttpclient.netty.request.NettyRequestSender - Using pooled Channel &apos;[id: 0xca0f3c40, L:/192.168.0.148:65103 - R:hub-cloud.browserstack.com/103.126.7.240:80]&apos; for &apos;POST&apos; to &apos;http://sagarvarule_Nv2k8l:xTzj2eNxZytnJbrx1e6C@hub-cloud.browserstack.com/wd/hub/session/eda2ebede5b4f1c4a3da0ae80d76cf0c2ffae504/element&apos;
21:14:21.648 [Forwarding findElement on session eda2ebede5b4f1c4a3da0ae80d76cf0c2ffae504 to remote] DEBUG org.asynchttpclient.netty.request.NettyRequestSender - Using open Channel [id: 0xca0f3c40, L:/192.168.0.148:65103 - R:hub-cloud.browserstack.com/103.126.7.240:80] for POST &apos;/wd/hub/session/eda2ebede5b4f1c4a3da0ae80d76cf0c2ffae504/element&apos;
21:14:23.797 [AsyncHttpClient-1-3] DEBUG org.asynchttpclient.netty.handler.HttpHandler - 

Request DefaultHttpRequest(decodeResult: success, version: HTTP/1.1)
POST /wd/hub/session/eda2ebede5b4f1c4a3da0ae80d76cf0c2ffae504/element HTTP/1.1
User-Agent: selenium/4.5.0 (java windows)
Content-Length: 94
Content-Type: application/json; charset=utf-8
host: hub-cloud.browserstack.com
authorization: Basic c2FnYXJ2YXJ1bGVfTnYyazhsOnhUemoyZU54Wnl0bkpicngxZTZD
accept: */*

Response DefaultHttpResponse(decodeResult: success, version: HTTP/1.1)
HTTP/1.1 200 OK
Server: nginx
Date: Thu, 01 Dec 2022 15:44:23 GMT
Content-Type: application/json; charset=utf-8
Connection: keep-alive
Source-From: 02
x-powered-by: Express
vary: X-HTTP-Method-Override
etag: W/&quot;89-vqA95NrMA90HKGorUNRQ25h6+pk&quot;
content-length: 137

21:14:23.797 [AsyncHttpClient-1-3] DEBUG org.asynchttpclient.netty.channel.ChannelManager - Adding key: http://hub-cloud.browserstack.com:80 for channel [id: 0xca0f3c40, L:/192.168.0.148:65103 - R:hub-cloud.browserstack.com/103.126.7.240:80]
21:14:23.799 [Forwarding isElementDisplayed on session eda2ebede5b4f1c4a3da0ae80d76cf0c2ffae504 to remote] DEBUG org.asynchttpclient.netty.request.NettyRequestSender - Using pooled Channel &apos;[id: 0xca0f3c40, L:/192.168.0.148:65103 - R:hub-cloud.browserstack.com/103.126.7.240:80]&apos; for &apos;GET&apos; to &apos;http://sagarvarule_Nv2k8l:xTzj2eNxZytnJbrx1e6C@hub-cloud.browserstack.com/wd/hub/session/eda2ebede5b4f1c4a3da0ae80d76cf0c2ffae504/element/78a59241-a908-415d-b49a-d2d389327840/displayed&apos;
21:14:23.799 [Forwarding isElementDisplayed on session eda2ebede5b4f1c4a3da0ae80d76cf0c2ffae504 to remote] DEBUG org.asynchttpclient.netty.request.NettyRequestSender - Using open Channel [id: 0xca0f3c40, L:/192.168.0.148:65103 - R:hub-cloud.browserstack.com/103.126.7.240:80] for GET &apos;/wd/hub/session/eda2ebede5b4f1c4a3da0ae80d76cf0c2ffae504/element/78a59241-a908-415d-b49a-d2d389327840/displayed&apos;
21:14:23.886 [AsyncHttpClient-1-3] DEBUG org.asynchttpclient.netty.handler.HttpHandler - 

Request DefaultFullHttpRequest(decodeResult: success, version: HTTP/1.1, content: EmptyByteBufBE)
GET /wd/hub/session/eda2ebede5b4f1c4a3da0ae80d76cf0c2ffae504/element/78a59241-a908-415d-b49a-d2d389327840/displayed HTTP/1.1
User-Agent: selenium/4.5.0 (java windows)
Cache-Control: no-cache
Content-Type: application/json; charset=utf-8
host: hub-cloud.browserstack.com
authorization: Basic c2FnYXJ2YXJ1bGVfTnYyazhsOnhUemoyZU54Wnl0bkpicngxZTZD
accept: */*

Response DefaultHttpResponse(decodeResult: success, version: HTTP/1.1)
HTTP/1.1 200 OK
Server: nginx
Date: Thu, 01 Dec 2022 15:44:23 GMT
Content-Type: application/json; charset=utf-8
Connection: keep-alive
Source-From: 02
x-powered-by: Express
etag: W/&quot;e-2ZHvAWebNQpyjGZTg6uyV8/spTo&quot;
content-length: 14

21:14:23.886 [AsyncHttpClient-1-3] DEBUG org.asynchttpclient.netty.channel.ChannelManager - Adding key: http://hub-cloud.browserstack.com:80 for channel [id: 0xca0f3c40, L:/192.168.0.148:65103 - R:hub-cloud.browserstack.com/103.126.7.240:80]
21:14:23.887 [Forwarding findElement on session eda2ebede5b4f1c4a3da0ae80d76cf0c2ffae504 to remote] DEBUG org.asynchttpclient.netty.request.NettyRequestSender - Using pooled Channel &apos;[id: 0xca0f3c40, L:/192.168.0.148:65103 - R:hub-cloud.browserstack.com/103.126.7.240:80]&apos; for &apos;POST&apos; to &apos;http://sagarvarule_Nv2k8l:xTzj2eNxZytnJbrx1e6C@hub-cloud.browserstack.com/wd/hub/session/eda2ebede5b4f1c4a3da0ae80d76cf0c2ffae504/element&apos;
21:14:23.888 [Forwarding findElement on session eda2ebede5b4f1c4a3da0ae80d76cf0c2ffae504 to remote] DEBUG org.asynchttpclient.netty.request.NettyRequestSender - Using open Channel [id: 0xca0f3c40, L:/192.168.0.148:65103 - R:hub-cloud.browserstack.com/103.126.7.240:80] for POST &apos;/wd/hub/session/eda2ebede5b4f1c4a3da0ae80d76cf0c2ffae504/element&apos;
21:14:23.969 [AsyncHttpClient-1-3] DEBUG org.asynchttpclient.netty.handler.HttpHandler - 

Request DefaultHttpRequest(decodeResult: success, version: HTTP/1.1)
POST /wd/hub/session/eda2ebede5b4f1c4a3da0ae80d76cf0c2ffae504/element HTTP/1.1
User-Agent: selenium/4.5.0 (java windows)
Content-Length: 94
Content-Type: application/json; charset=utf-8
host: hub-cloud.browserstack.com
authorization: Basic c2FnYXJ2YXJ1bGVfTnYyazhsOnhUemoyZU54Wnl0bkpicngxZTZD
accept: */*

Response DefaultHttpResponse(decodeResult: success, version: HTTP/1.1)
HTTP/1.1 200 OK
Server: nginx
Date: Thu, 01 Dec 2022 15:44:23 GMT
Content-Type: application/json; charset=utf-8
Connection: keep-alive
Source-From: 02
x-powered-by: Express
vary: X-HTTP-Method-Override
etag: W/&quot;89-FlQam9P16BO8LYkIXvTv9E0598A&quot;
content-length: 137

21:14:23.969 [AsyncHttpClient-1-3] DEBUG org.asynchttpclient.netty.channel.ChannelManager - Adding key: http://hub-cloud.browserstack.com:80 for channel [id: 0xca0f3c40, L:/192.168.0.148:65103 - R:hub-cloud.browserstack.com/103.126.7.240:80]
21:14:23.970 [Forwarding isElementEnabled on session eda2ebede5b4f1c4a3da0ae80d76cf0c2ffae504 to remote] DEBUG org.asynchttpclient.netty.request.NettyRequestSender - Using pooled Channel &apos;[id: 0xca0f3c40, L:/192.168.0.148:65103 - R:hub-cloud.browserstack.com/103.126.7.240:80]&apos; for &apos;GET&apos; to &apos;http://sagarvarule_Nv2k8l:xTzj2eNxZytnJbrx1e6C@hub-cloud.browserstack.com/wd/hub/session/eda2ebede5b4f1c4a3da0ae80d76cf0c2ffae504/element/81dab4aa-7c05-4782-8295-86cd023de098/enabled&apos;
21:14:23.971 [Forwarding isElementEnabled on session eda2ebede5b4f1c4a3da0ae80d76cf0c2ffae504 to remote] DEBUG org.asynchttpclient.netty.request.NettyRequestSender - Using open Channel [id: 0xca0f3c40, L:/192.168.0.148:65103 - R:hub-cloud.browserstack.com/103.126.7.240:80] for GET &apos;/wd/hub/session/eda2ebede5b4f1c4a3da0ae80d76cf0c2ffae504/element/81dab4aa-7c05-4782-8295-86cd023de098/enabled&apos;
21:14:24.049 [AsyncHttpClient-1-3] DEBUG org.asynchttpclient.netty.handler.HttpHandler - 

Request DefaultFullHttpRequest(decodeResult: success, version: HTTP/1.1, content: EmptyByteBufBE)
GET /wd/hub/session/eda2ebede5b4f1c4a3da0ae80d76cf0c2ffae504/element/81dab4aa-7c05-4782-8295-86cd023de098/enabled HTTP/1.1
User-Agent: selenium/4.5.0 (java windows)
Cache-Control: no-cache
Content-Type: application/json; charset=utf-8
host: hub-cloud.browserstack.com
authorization: Basic c2FnYXJ2YXJ1bGVfTnYyazhsOnhUemoyZU54Wnl0bkpicngxZTZD
accept: */*

Response DefaultHttpResponse(decodeResult: success, version: HTTP/1.1)
HTTP/1.1 200 OK
Server: nginx
Date: Thu, 01 Dec 2022 15:44:24 GMT
Content-Type: application/json; charset=utf-8
Connection: keep-alive
Source-From: 02
x-powered-by: Express
etag: W/&quot;e-2ZHvAWebNQpyjGZTg6uyV8/spTo&quot;
content-length: 14

21:14:24.049 [AsyncHttpClient-1-3] DEBUG org.asynchttpclient.netty.channel.ChannelManager - Adding key: http://hub-cloud.browserstack.com:80 for channel [id: 0xca0f3c40, L:/192.168.0.148:65103 - R:hub-cloud.browserstack.com/103.126.7.240:80]
21:14:24.051 [Forwarding findElement on session eda2ebede5b4f1c4a3da0ae80d76cf0c2ffae504 to remote] DEBUG org.asynchttpclient.netty.request.NettyRequestSender - Using pooled Channel &apos;[id: 0xca0f3c40, L:/192.168.0.148:65103 - R:hub-cloud.browserstack.com/103.126.7.240:80]&apos; for &apos;POST&apos; to &apos;http://sagarvarule_Nv2k8l:xTzj2eNxZytnJbrx1e6C@hub-cloud.browserstack.com/wd/hub/session/eda2ebede5b4f1c4a3da0ae80d76cf0c2ffae504/element&apos;
21:14:24.051 [Forwarding findElement on session eda2ebede5b4f1c4a3da0ae80d76cf0c2ffae504 to remote] DEBUG org.asynchttpclient.netty.request.NettyRequestSender - Using open Channel [id: 0xca0f3c40, L:/192.168.0.148:65103 - R:hub-cloud.browserstack.com/103.126.7.240:80] for POST &apos;/wd/hub/session/eda2ebede5b4f1c4a3da0ae80d76cf0c2ffae504/element&apos;
21:14:24.141 [AsyncHttpClient-1-3] DEBUG org.asynchttpclient.netty.handler.HttpHandler - 

Request DefaultHttpRequest(decodeResult: success, version: HTTP/1.1)
POST /wd/hub/session/eda2ebede5b4f1c4a3da0ae80d76cf0c2ffae504/element HTTP/1.1
User-Agent: selenium/4.5.0 (java windows)
Content-Length: 94
Content-Type: application/json; charset=utf-8
host: hub-cloud.browserstack.com
authorization: Basic c2FnYXJ2YXJ1bGVfTnYyazhsOnhUemoyZU54Wnl0bkpicngxZTZD
accept: */*

Response DefaultHttpResponse(decodeResult: success, version: HTTP/1.1)
HTTP/1.1 200 OK
Server: nginx
Date: Thu, 01 Dec 2022 15:44:24 GMT
Content-Type: application/json; charset=utf-8
Connection: keep-alive
Source-From: 02
x-powered-by: Express
vary: X-HTTP-Method-Override
etag: W/&quot;89-1RkPGE3+0oPh3eaFOdRGI7Mu/tk&quot;
content-length: 137

21:14:24.141 [AsyncHttpClient-1-3] DEBUG org.asynchttpclient.netty.channel.ChannelManager - Adding key: http://hub-cloud.browserstack.com:80 for channel [id: 0xca0f3c40, L:/192.168.0.148:65103 - R:hub-cloud.browserstack.com/103.126.7.240:80]
21:14:24.143 [Forwarding isElementDisplayed on session eda2ebede5b4f1c4a3da0ae80d76cf0c2ffae504 to remote] DEBUG org.asynchttpclient.netty.request.NettyRequestSender - Using pooled Channel &apos;[id: 0xca0f3c40, L:/192.168.0.148:65103 - R:hub-cloud.browserstack.com/103.126.7.240:80]&apos; for &apos;GET&apos; to &apos;http://sagarvarule_Nv2k8l:xTzj2eNxZytnJbrx1e6C@hub-cloud.browserstack.com/wd/hub/session/eda2ebede5b4f1c4a3da0ae80d76cf0c2ffae504/element/ff74d239-1043-416b-87f5-14aefb4ced44/displayed&apos;
21:14:24.144 [Forwarding isElementDisplayed on session eda2ebede5b4f1c4a3da0ae80d76cf0c2ffae504 to remote] DEBUG org.asynchttpclient.netty.request.NettyRequestSender - Using open Channel [id: 0xca0f3c40, L:/192.168.0.148:65103 - R:hub-cloud.browserstack.com/103.126.7.240:80] for GET &apos;/wd/hub/session/eda2ebede5b4f1c4a3da0ae80d76cf0c2ffae504/element/ff74d239-1043-416b-87f5-14aefb4ced44/displayed&apos;
21:14:24.228 [AsyncHttpClient-1-3] DEBUG org.asynchttpclient.netty.handler.HttpHandler - 

Request DefaultFullHttpRequest(decodeResult: success, version: HTTP/1.1, content: EmptyByteBufBE)
GET /wd/hub/session/eda2ebede5b4f1c4a3da0ae80d76cf0c2ffae504/element/ff74d239-1043-416b-87f5-14aefb4ced44/displayed HTTP/1.1
User-Agent: selenium/4.5.0 (java windows)
Cache-Control: no-cache
Content-Type: application/json; charset=utf-8
host: hub-cloud.browserstack.com
authorization: Basic c2FnYXJ2YXJ1bGVfTnYyazhsOnhUemoyZU54Wnl0bkpicngxZTZD
accept: */*

Response DefaultHttpResponse(decodeResult: success, version: HTTP/1.1)
HTTP/1.1 200 OK
Server: nginx
Date: Thu, 01 Dec 2022 15:44:24 GMT
Content-Type: application/json; charset=utf-8
Connection: keep-alive
Source-From: 02
x-powered-by: Express
etag: W/&quot;e-2ZHvAWebNQpyjGZTg6uyV8/spTo&quot;
content-length: 14

21:14:24.228 [AsyncHttpClient-1-3] DEBUG org.asynchttpclient.netty.channel.ChannelManager - Adding key: http://hub-cloud.browserstack.com:80 for channel [id: 0xca0f3c40, L:/192.168.0.148:65103 - R:hub-cloud.browserstack.com/103.126.7.240:80]
21:14:24.230 [Forwarding findElement on session eda2ebede5b4f1c4a3da0ae80d76cf0c2ffae504 to remote] DEBUG org.asynchttpclient.netty.request.NettyRequestSender - Using pooled Channel &apos;[id: 0xca0f3c40, L:/192.168.0.148:65103 - R:hub-cloud.browserstack.com/103.126.7.240:80]&apos; for &apos;POST&apos; to &apos;http://sagarvarule_Nv2k8l:xTzj2eNxZytnJbrx1e6C@hub-cloud.browserstack.com/wd/hub/session/eda2ebede5b4f1c4a3da0ae80d76cf0c2ffae504/element&apos;
21:14:24.230 [Forwarding findElement on session eda2ebede5b4f1c4a3da0ae80d76cf0c2ffae504 to remote] DEBUG org.asynchttpclient.netty.request.NettyRequestSender - Using open Channel [id: 0xca0f3c40, L:/192.168.0.148:65103 - R:hub-cloud.browserstack.com/103.126.7.240:80] for POST &apos;/wd/hub/session/eda2ebede5b4f1c4a3da0ae80d76cf0c2ffae504/element&apos;
21:14:24.308 [AsyncHttpClient-1-3] DEBUG org.asynchttpclient.netty.handler.HttpHandler - 

Request DefaultHttpRequest(decodeResult: success, version: HTTP/1.1)
POST /wd/hub/session/eda2ebede5b4f1c4a3da0ae80d76cf0c2ffae504/element HTTP/1.1
User-Agent: selenium/4.5.0 (java windows)
Content-Length: 94
Content-Type: application/json; charset=utf-8
host: hub-cloud.browserstack.com
authorization: Basic c2FnYXJ2YXJ1bGVfTnYyazhsOnhUemoyZU54Wnl0bkpicngxZTZD
accept: */*

Response DefaultHttpResponse(decodeResult: success, version: HTTP/1.1)
HTTP/1.1 200 OK
Server: nginx
Date: Thu, 01 Dec 2022 15:44:24 GMT
Content-Type: application/json; charset=utf-8
Connection: keep-alive
Source-From: 02
x-powered-by: Express
vary: X-HTTP-Method-Override
etag: W/&quot;89-AZt2HgFaIs0gewb4piKJ2wV4+V4&quot;
content-length: 137

21:14:24.308 [AsyncHttpClient-1-3] DEBUG org.asynchttpclient.netty.channel.ChannelManager - Adding key: http://hub-cloud.browserstack.com:80 for channel [id: 0xca0f3c40, L:/192.168.0.148:65103 - R:hub-cloud.browserstack.com/103.126.7.240:80]
21:14:24.309 [Forwarding isElementEnabled on session eda2ebede5b4f1c4a3da0ae80d76cf0c2ffae504 to remote] DEBUG org.asynchttpclient.netty.request.NettyRequestSender - Using pooled Channel &apos;[id: 0xca0f3c40, L:/192.168.0.148:65103 - R:hub-cloud.browserstack.com/103.126.7.240:80]&apos; for &apos;GET&apos; to &apos;http://sagarvarule_Nv2k8l:xTzj2eNxZytnJbrx1e6C@hub-cloud.browserstack.com/wd/hub/session/eda2ebede5b4f1c4a3da0ae80d76cf0c2ffae504/element/16bfa874-a175-49f8-9cf3-e70bc97515ff/enabled&apos;
21:14:24.310 [Forwarding isElementEnabled on session eda2ebede5b4f1c4a3da0ae80d76cf0c2ffae504 to remote] DEBUG org.asynchttpclient.netty.request.NettyRequestSender - Using open Channel [id: 0xca0f3c40, L:/192.168.0.148:65103 - R:hub-cloud.browserstack.com/103.126.7.240:80] for GET &apos;/wd/hub/session/eda2ebede5b4f1c4a3da0ae80d76cf0c2ffae504/element/16bfa874-a175-49f8-9cf3-e70bc97515ff/enabled&apos;
21:14:24.402 [AsyncHttpClient-1-3] DEBUG org.asynchttpclient.netty.handler.HttpHandler - 

Request DefaultFullHttpRequest(decodeResult: success, version: HTTP/1.1, content: EmptyByteBufBE)
GET /wd/hub/session/eda2ebede5b4f1c4a3da0ae80d76cf0c2ffae504/element/16bfa874-a175-49f8-9cf3-e70bc97515ff/enabled HTTP/1.1
User-Agent: selenium/4.5.0 (java windows)
Cache-Control: no-cache
Content-Type: application/json; charset=utf-8
host: hub-cloud.browserstack.com
authorization: Basic c2FnYXJ2YXJ1bGVfTnYyazhsOnhUemoyZU54Wnl0bkpicngxZTZD
accept: */*

Response DefaultHttpResponse(decodeResult: success, version: HTTP/1.1)
HTTP/1.1 200 OK
Server: nginx
Date: Thu, 01 Dec 2022 15:44:24 GMT
Content-Type: application/json; charset=utf-8
Connection: keep-alive
Source-From: 02
x-powered-by: Express
etag: W/&quot;e-2ZHvAWebNQpyjGZTg6uyV8/spTo&quot;
content-length: 14

21:14:24.403 [AsyncHttpClient-1-3] DEBUG org.asynchttpclient.netty.channel.ChannelManager - Adding key: http://hub-cloud.browserstack.com:80 for channel [id: 0xca0f3c40, L:/192.168.0.148:65103 - R:hub-cloud.browserstack.com/103.126.7.240:80]
21:14:24.405 [Forwarding findElements on session eda2ebede5b4f1c4a3da0ae80d76cf0c2ffae504 to remote] DEBUG org.asynchttpclient.netty.request.NettyRequestSender - Using pooled Channel &apos;[id: 0xca0f3c40, L:/192.168.0.148:65103 - R:hub-cloud.browserstack.com/103.126.7.240:80]&apos; for &apos;POST&apos; to &apos;http://sagarvarule_Nv2k8l:xTzj2eNxZytnJbrx1e6C@hub-cloud.browserstack.com/wd/hub/session/eda2ebede5b4f1c4a3da0ae80d76cf0c2ffae504/elements&apos;
21:14:24.405 [Forwarding findElements on session eda2ebede5b4f1c4a3da0ae80d76cf0c2ffae504 to remote] DEBUG org.asynchttpclient.netty.request.NettyRequestSender - Using open Channel [id: 0xca0f3c40, L:/192.168.0.148:65103 - R:hub-cloud.browserstack.com/103.126.7.240:80] for POST &apos;/wd/hub/session/eda2ebede5b4f1c4a3da0ae80d76cf0c2ffae504/elements&apos;
21:14:24.511 [AsyncHttpClient-1-3] DEBUG org.asynchttpclient.netty.handler.HttpHandler - 

Request DefaultHttpRequest(decodeResult: success, version: HTTP/1.1)
POST /wd/hub/session/eda2ebede5b4f1c4a3da0ae80d76cf0c2ffae504/elements HTTP/1.1
User-Agent: selenium/4.5.0 (java windows)
Content-Length: 98
Content-Type: application/json; charset=utf-8
host: hub-cloud.browserstack.com
authorization: Basic c2FnYXJ2YXJ1bGVfTnYyazhsOnhUemoyZU54Wnl0bkpicngxZTZD
accept: */*

Response DefaultHttpResponse(decodeResult: success, version: HTTP/1.1)
HTTP/1.1 200 OK
Server: nginx
Date: Thu, 01 Dec 2022 15:44:24 GMT
Content-Type: application/json; charset=utf-8
Connection: keep-alive
Source-From: 02
x-powered-by: Express
vary: X-HTTP-Method-Override
etag: W/&quot;20b-myg6TYqh5dYmQmfE20UNnMP7qT0&quot;
content-length: 523

21:14:24.511 [AsyncHttpClient-1-3] DEBUG org.asynchttpclient.netty.channel.ChannelManager - Adding key: http://hub-cloud.browserstack.com:80 for channel [id: 0xca0f3c40, L:/192.168.0.148:65103 - R:hub-cloud.browserstack.com/103.126.7.240:80]
21:14:24.513 [Forwarding getElementText on session eda2ebede5b4f1c4a3da0ae80d76cf0c2ffae504 to remote] DEBUG org.asynchttpclient.netty.request.NettyRequestSender - Using pooled Channel &apos;[id: 0xca0f3c40, L:/192.168.0.148:65103 - R:hub-cloud.browserstack.com/103.126.7.240:80]&apos; for &apos;GET&apos; to &apos;http://sagarvarule_Nv2k8l:xTzj2eNxZytnJbrx1e6C@hub-cloud.browserstack.com/wd/hub/session/eda2ebede5b4f1c4a3da0ae80d76cf0c2ffae504/element/095603b6-7fd0-4081-9397-51bc5b28deb1/text&apos;
21:14:24.513 [Forwarding getElementText on session eda2ebede5b4f1c4a3da0ae80d76cf0c2ffae504 to remote] DEBUG org.asynchttpclient.netty.request.NettyRequestSender - Using open Channel [id: 0xca0f3c40, L:/192.168.0.148:65103 - R:hub-cloud.browserstack.com/103.126.7.240:80] for GET &apos;/wd/hub/session/eda2ebede5b4f1c4a3da0ae80d76cf0c2ffae504/element/095603b6-7fd0-4081-9397-51bc5b28deb1/text&apos;
21:14:24.603 [AsyncHttpClient-1-3] DEBUG org.asynchttpclient.netty.handler.HttpHandler - 

Request DefaultFullHttpRequest(decodeResult: success, version: HTTP/1.1, content: EmptyByteBufBE)
GET /wd/hub/session/eda2ebede5b4f1c4a3da0ae80d76cf0c2ffae504/element/095603b6-7fd0-4081-9397-51bc5b28deb1/text HTTP/1.1
User-Agent: selenium/4.5.0 (java windows)
Cache-Control: no-cache
Content-Type: application/json; charset=utf-8
host: hub-cloud.browserstack.com
authorization: Basic c2FnYXJ2YXJ1bGVfTnYyazhsOnhUemoyZU54Wnl0bkpicngxZTZD
accept: */*

Response DefaultHttpResponse(decodeResult: success, version: HTTP/1.1)
HTTP/1.1 200 OK
Server: nginx
Date: Thu, 01 Dec 2022 15:44:24 GMT
Content-Type: application/json; charset=utf-8
Connection: keep-alive
Source-From: 02
x-powered-by: Express
etag: W/&quot;54-oj7fHWbA3018KhedvYxdGgP+awA&quot;
content-length: 88

21:14:24.603 [AsyncHttpClient-1-3] DEBUG org.asynchttpclient.netty.channel.ChannelManager - Adding key: http://hub-cloud.browserstack.com:80 for channel [id: 0xca0f3c40, L:/192.168.0.148:65103 - R:hub-cloud.browserstack.com/103.126.7.240:80]
21:14:24.605 [Forwarding getElementText on session eda2ebede5b4f1c4a3da0ae80d76cf0c2ffae504 to remote] DEBUG org.asynchttpclient.netty.request.NettyRequestSender - Using pooled Channel &apos;[id: 0xca0f3c40, L:/192.168.0.148:65103 - R:hub-cloud.browserstack.com/103.126.7.240:80]&apos; for &apos;GET&apos; to &apos;http://sagarvarule_Nv2k8l:xTzj2eNxZytnJbrx1e6C@hub-cloud.browserstack.com/wd/hub/session/eda2ebede5b4f1c4a3da0ae80d76cf0c2ffae504/element/42d29974-1b48-41f5-a062-8d78d9568860/text&apos;
21:14:24.605 [Forwarding getElementText on session eda2ebede5b4f1c4a3da0ae80d76cf0c2ffae504 to remote] DEBUG org.asynchttpclient.netty.request.NettyRequestSender - Using open Channel [id: 0xca0f3c40, L:/192.168.0.148:65103 - R:hub-cloud.browserstack.com/103.126.7.240:80] for GET &apos;/wd/hub/session/eda2ebede5b4f1c4a3da0ae80d76cf0c2ffae504/element/42d29974-1b48-41f5-a062-8d78d9568860/text&apos;
21:14:24.691 [AsyncHttpClient-1-3] DEBUG org.asynchttpclient.netty.handler.HttpHandler - 

Request DefaultFullHttpRequest(decodeResult: success, version: HTTP/1.1, content: EmptyByteBufBE)
GET /wd/hub/session/eda2ebede5b4f1c4a3da0ae80d76cf0c2ffae504/element/42d29974-1b48-41f5-a062-8d78d9568860/text HTTP/1.1
User-Agent: selenium/4.5.0 (java windows)
Cache-Control: no-cache
Content-Type: application/json; charset=utf-8
host: hub-cloud.browserstack.com
authorization: Basic c2FnYXJ2YXJ1bGVfTnYyazhsOnhUemoyZU54Wnl0bkpicngxZTZD
accept: */*

Response DefaultHttpResponse(decodeResult: success, version: HTTP/1.1)
HTTP/1.1 200 OK
Server: nginx
Date: Thu, 01 Dec 2022 15:44:24 GMT
Content-Type: application/json; charset=utf-8
Connection: keep-alive
Source-From: 02
x-powered-by: Express
etag: W/&quot;54-aOLcWQ8fyE1l4YsWD26+CgqVgSU&quot;
content-length: 88

21:14:24.691 [AsyncHttpClient-1-3] DEBUG org.asynchttpclient.netty.channel.ChannelManager - Adding key: http://hub-cloud.browserstack.com:80 for channel [id: 0xca0f3c40, L:/192.168.0.148:65103 - R:hub-cloud.browserstack.com/103.126.7.240:80]
21:14:24.696 [Forwarding findElement on session eda2ebede5b4f1c4a3da0ae80d76cf0c2ffae504 to remote] DEBUG org.asynchttpclient.netty.request.NettyRequestSender - Using pooled Channel &apos;[id: 0xca0f3c40, L:/192.168.0.148:65103 - R:hub-cloud.browserstack.com/103.126.7.240:80]&apos; for &apos;POST&apos; to &apos;http://sagarvarule_Nv2k8l:xTzj2eNxZytnJbrx1e6C@hub-cloud.browserstack.com/wd/hub/session/eda2ebede5b4f1c4a3da0ae80d76cf0c2ffae504/element&apos;
21:14:24.697 [Forwarding findElement on session eda2ebede5b4f1c4a3da0ae80d76cf0c2ffae504 to remote] DEBUG org.asynchttpclient.netty.request.NettyRequestSender - Using open Channel [id: 0xca0f3c40, L:/192.168.0.148:65103 - R:hub-cloud.browserstack.com/103.126.7.240:80] for POST &apos;/wd/hub/session/eda2ebede5b4f1c4a3da0ae80d76cf0c2ffae504/element&apos;
21:14:24.818 [AsyncHttpClient-1-3] DEBUG org.asynchttpclient.netty.handler.HttpHandler - 

Request DefaultHttpRequest(decodeResult: success, version: HTTP/1.1)
POST /wd/hub/session/eda2ebede5b4f1c4a3da0ae80d76cf0c2ffae504/element HTTP/1.1
User-Agent: selenium/4.5.0 (java windows)
Content-Length: 94
Content-Type: application/json; charset=utf-8
host: hub-cloud.browserstack.com
authorization: Basic c2FnYXJ2YXJ1bGVfTnYyazhsOnhUemoyZU54Wnl0bkpicngxZTZD
accept: */*

Response DefaultHttpResponse(decodeResult: success, version: HTTP/1.1)
HTTP/1.1 200 OK
Server: nginx
Date: Thu, 01 Dec 2022 15:44:24 GMT
Content-Type: application/json; charset=utf-8
Connection: keep-alive
Source-From: 02
x-powered-by: Express
vary: X-HTTP-Method-Override
etag: W/&quot;89-gO/iMpiz8sNapEiJd1T0Ifk4eQE&quot;
content-length: 137

21:14:24.819 [AsyncHttpClient-1-3] DEBUG org.asynchttpclient.netty.channel.ChannelManager - Adding key: http://hub-cloud.browserstack.com:80 for channel [id: 0xca0f3c40, L:/192.168.0.148:65103 - R:hub-cloud.browserstack.com/103.126.7.240:80]
21:14:24.820 [Forwarding isElementDisplayed on session eda2ebede5b4f1c4a3da0ae80d76cf0c2ffae504 to remote] DEBUG org.asynchttpclient.netty.request.NettyRequestSender - Using pooled Channel &apos;[id: 0xca0f3c40, L:/192.168.0.148:65103 - R:hub-cloud.browserstack.com/103.126.7.240:80]&apos; for &apos;GET&apos; to &apos;http://sagarvarule_Nv2k8l:xTzj2eNxZytnJbrx1e6C@hub-cloud.browserstack.com/wd/hub/session/eda2ebede5b4f1c4a3da0ae80d76cf0c2ffae504/element/e9764242-5b75-4624-9f32-80d6c6b46755/displayed&apos;
21:14:24.821 [Forwarding isElementDisplayed on session eda2ebede5b4f1c4a3da0ae80d76cf0c2ffae504 to remote] DEBUG org.asynchttpclient.netty.request.NettyRequestSender - Using open Channel [id: 0xca0f3c40, L:/192.168.0.148:65103 - R:hub-cloud.browserstack.com/103.126.7.240:80] for GET &apos;/wd/hub/session/eda2ebede5b4f1c4a3da0ae80d76cf0c2ffae504/element/e9764242-5b75-4624-9f32-80d6c6b46755/displayed&apos;
21:14:24.908 [AsyncHttpClient-1-3] DEBUG org.asynchttpclient.netty.handler.HttpHandler - 

Request DefaultFullHttpRequest(decodeResult: success, version: HTTP/1.1, content: EmptyByteBufBE)
GET /wd/hub/session/eda2ebede5b4f1c4a3da0ae80d76cf0c2ffae504/element/e9764242-5b75-4624-9f32-80d6c6b46755/displayed HTTP/1.1
User-Agent: selenium/4.5.0 (java windows)
Cache-Control: no-cache
Content-Type: application/json; charset=utf-8
host: hub-cloud.browserstack.com
authorization: Basic c2FnYXJ2YXJ1bGVfTnYyazhsOnhUemoyZU54Wnl0bkpicngxZTZD
accept: */*

Response DefaultHttpResponse(decodeResult: success, version: HTTP/1.1)
HTTP/1.1 200 OK
Server: nginx
Date: Thu, 01 Dec 2022 15:44:24 GMT
Content-Type: application/json; charset=utf-8
Connection: keep-alive
Source-From: 02
x-powered-by: Express
etag: W/&quot;e-2ZHvAWebNQpyjGZTg6uyV8/spTo&quot;
content-length: 14

21:14:24.908 [AsyncHttpClient-1-3] DEBUG org.asynchttpclient.netty.channel.ChannelManager - Adding key: http://hub-cloud.browserstack.com:80 for channel [id: 0xca0f3c40, L:/192.168.0.148:65103 - R:hub-cloud.browserstack.com/103.126.7.240:80]
21:14:24.911 [Forwarding findElement on session eda2ebede5b4f1c4a3da0ae80d76cf0c2ffae504 to remote] DEBUG org.asynchttpclient.netty.request.NettyRequestSender - Using pooled Channel &apos;[id: 0xca0f3c40, L:/192.168.0.148:65103 - R:hub-cloud.browserstack.com/103.126.7.240:80]&apos; for &apos;POST&apos; to &apos;http://sagarvarule_Nv2k8l:xTzj2eNxZytnJbrx1e6C@hub-cloud.browserstack.com/wd/hub/session/eda2ebede5b4f1c4a3da0ae80d76cf0c2ffae504/element&apos;
21:14:24.912 [Forwarding findElement on session eda2ebede5b4f1c4a3da0ae80d76cf0c2ffae504 to remote] DEBUG org.asynchttpclient.netty.request.NettyRequestSender - Using open Channel [id: 0xca0f3c40, L:/192.168.0.148:65103 - R:hub-cloud.browserstack.com/103.126.7.240:80] for POST &apos;/wd/hub/session/eda2ebede5b4f1c4a3da0ae80d76cf0c2ffae504/element&apos;
21:14:25.005 [AsyncHttpClient-1-3] DEBUG org.asynchttpclient.netty.handler.HttpHandler - 

Request DefaultHttpRequest(decodeResult: success, version: HTTP/1.1)
POST /wd/hub/session/eda2ebede5b4f1c4a3da0ae80d76cf0c2ffae504/element HTTP/1.1
User-Agent: selenium/4.5.0 (java windows)
Content-Length: 94
Content-Type: application/json; charset=utf-8
host: hub-cloud.browserstack.com
authorization: Basic c2FnYXJ2YXJ1bGVfTnYyazhsOnhUemoyZU54Wnl0bkpicngxZTZD
accept: */*

Response DefaultHttpResponse(decodeResult: success, version: HTTP/1.1)
HTTP/1.1 200 OK
Server: nginx
Date: Thu, 01 Dec 2022 15:44:25 GMT
Content-Type: application/json; charset=utf-8
Connection: close
Source-From: 02
x-powered-by: Express
vary: X-HTTP-Method-Override
etag: W/&quot;89-eleLV5nsRhu9kfY65ZefkAfIKSc&quot;
content-length: 137

21:14:25.005 [AsyncHttpClient-1-3] DEBUG org.asynchttpclient.netty.channel.ChannelManager - Closing Channel [id: 0xca0f3c40, L:/192.168.0.148:65103 - R:hub-cloud.browserstack.com/103.126.7.240:80] 
21:14:25.006 [AsyncHttpClient-1-3] DEBUG org.asynchttpclient.netty.handler.HttpHandler - Channel Closed: [id: 0xca0f3c40, L:/192.168.0.148:65103 ! R:hub-cloud.browserstack.com/103.126.7.240:80] with attribute DISCARD
21:14:25.066 [AsyncHttpClient-1-4] DEBUG org.asynchttpclient.netty.channel.NettyConnectListener - Using new Channel &apos;[id: 0x9686cea6, L:/192.168.0.148:65120 - R:hub-cloud.browserstack.com/103.126.7.240:80]&apos; for &apos;GET&apos; to &apos;/wd/hub/session/eda2ebede5b4f1c4a3da0ae80d76cf0c2ffae504/element/8cfb0b1d-06c6-4425-9523-c2432aaeef66/enabled&apos;
21:14:25.149 [AsyncHttpClient-1-4] DEBUG org.asynchttpclient.netty.handler.HttpHandler - 

Request DefaultFullHttpRequest(decodeResult: success, version: HTTP/1.1, content: EmptyByteBufBE)
GET /wd/hub/session/eda2ebede5b4f1c4a3da0ae80d76cf0c2ffae504/element/8cfb0b1d-06c6-4425-9523-c2432aaeef66/enabled HTTP/1.1
User-Agent: selenium/4.5.0 (java windows)
Cache-Control: no-cache
Content-Type: application/json; charset=utf-8
host: hub-cloud.browserstack.com
authorization: Basic c2FnYXJ2YXJ1bGVfTnYyazhsOnhUemoyZU54Wnl0bkpicngxZTZD
accept: */*

Response DefaultHttpResponse(decodeResult: success, version: HTTP/1.1)
HTTP/1.1 200 OK
Server: nginx
Date: Thu, 01 Dec 2022 15:44:25 GMT
Content-Type: application/json; charset=utf-8
Connection: keep-alive
Source-From: 02
x-powered-by: Express
etag: W/&quot;e-2ZHvAWebNQpyjGZTg6uyV8/spTo&quot;
content-length: 14

21:14:25.149 [AsyncHttpClient-1-4] DEBUG org.asynchttpclient.netty.channel.ChannelManager - Adding key: http://hub-cloud.browserstack.com:80 for channel [id: 0x9686cea6, L:/192.168.0.148:65120 - R:hub-cloud.browserstack.com/103.126.7.240:80]
21:14:25.151 [Forwarding findElements on session eda2ebede5b4f1c4a3da0ae80d76cf0c2ffae504 to remote] DEBUG org.asynchttpclient.netty.request.NettyRequestSender - Using pooled Channel &apos;[id: 0x9686cea6, L:/192.168.0.148:65120 - R:hub-cloud.browserstack.com/103.126.7.240:80]&apos; for &apos;POST&apos; to &apos;http://sagarvarule_Nv2k8l:xTzj2eNxZytnJbrx1e6C@hub-cloud.browserstack.com/wd/hub/session/eda2ebede5b4f1c4a3da0ae80d76cf0c2ffae504/elements&apos;
21:14:25.151 [Forwarding findElements on session eda2ebede5b4f1c4a3da0ae80d76cf0c2ffae504 to remote] DEBUG org.asynchttpclient.netty.request.NettyRequestSender - Using open Channel [id: 0x9686cea6, L:/192.168.0.148:65120 - R:hub-cloud.browserstack.com/103.126.7.240:80] for POST &apos;/wd/hub/session/eda2ebede5b4f1c4a3da0ae80d76cf0c2ffae504/elements&apos;
21:14:25.242 [AsyncHttpClient-1-4] DEBUG org.asynchttpclient.netty.handler.HttpHandler - 

Request DefaultHttpRequest(decodeResult: success, version: HTTP/1.1)
POST /wd/hub/session/eda2ebede5b4f1c4a3da0ae80d76cf0c2ffae504/elements HTTP/1.1
User-Agent: selenium/4.5.0 (java windows)
Content-Length: 104
Content-Type: application/json; charset=utf-8
host: hub-cloud.browserstack.com
authorization: Basic c2FnYXJ2YXJ1bGVfTnYyazhsOnhUemoyZU54Wnl0bkpicngxZTZD
accept: */*

Response DefaultHttpResponse(decodeResult: success, version: HTTP/1.1)
HTTP/1.1 200 OK
Server: nginx
Date: Thu, 01 Dec 2022 15:44:25 GMT
Content-Type: application/json; charset=utf-8
Connection: keep-alive
Source-From: 02
x-powered-by: Express
vary: X-HTTP-Method-Override
etag: W/&quot;18b-NyKKMfGdTorEcmDXgi7mMl0OmYg&quot;
content-length: 395

21:14:25.242 [AsyncHttpClient-1-4] DEBUG org.asynchttpclient.netty.channel.ChannelManager - Adding key: http://hub-cloud.browserstack.com:80 for channel [id: 0x9686cea6, L:/192.168.0.148:65120 - R:hub-cloud.browserstack.com/103.126.7.240:80]
21:14:25.243 [Forwarding getElementText on session eda2ebede5b4f1c4a3da0ae80d76cf0c2ffae504 to remote] DEBUG org.asynchttpclient.netty.request.NettyRequestSender - Using pooled Channel &apos;[id: 0x9686cea6, L:/192.168.0.148:65120 - R:hub-cloud.browserstack.com/103.126.7.240:80]&apos; for &apos;GET&apos; to &apos;http://sagarvarule_Nv2k8l:xTzj2eNxZytnJbrx1e6C@hub-cloud.browserstack.com/wd/hub/session/eda2ebede5b4f1c4a3da0ae80d76cf0c2ffae504/element/93339c38-de85-4d99-8db1-36a14247b0ce/text&apos;
21:14:25.243 [Forwarding getElementText on session eda2ebede5b4f1c4a3da0ae80d76cf0c2ffae504 to remote] DEBUG org.asynchttpclient.netty.request.NettyRequestSender - Using open Channel [id: 0x9686cea6, L:/192.168.0.148:65120 - R:hub-cloud.browserstack.com/103.126.7.240:80] for GET &apos;/wd/hub/session/eda2ebede5b4f1c4a3da0ae80d76cf0c2ffae504/element/93339c38-de85-4d99-8db1-36a14247b0ce/text&apos;
21:14:25.316 [AsyncHttpClient-1-4] DEBUG org.asynchttpclient.netty.handler.HttpHandler - 

Request DefaultFullHttpRequest(decodeResult: success, version: HTTP/1.1, content: EmptyByteBufBE)
[...]
21:16:38.498 [AsyncHttpClient-1-8] DEBUG org.asynchttpclient.netty.handler.HttpHandler - 

Request DefaultHttpRequest(decodeResult: success, version: HTTP/1.1)
POST /wd/hub/session/eda2ebede5b4f1c4a3da0ae80d76cf0c2ffae504/element HTTP/1.1
User-Agent: selenium/4.5.0 (java windows)
Content-Length: 94
Content-Type: application/json; charset=utf-8
host: hub-cloud.browserstack.com
authorization: Basic c2FnYXJ2YXJ1bGVfTnYyazhsOnhUemoyZU54Wnl0bkpicngxZTZD
accept: */*

Response DefaultHttpResponse(decodeResult: success, version: HTTP/1.1)
HTTP/1.1 200 OK
Server: nginx
Date: Thu, 01 Dec 2022 15:46:38 GMT
Content-Type: application/json; charset=utf-8
Connection: keep-alive
Source-From: 02
x-powered-by: Express
vary: X-HTTP-Method-Override
etag: W/&quot;89-O53xeIPV5a7dKXaHXBNloeaU0+k&quot;
content-length: 137

21:16:38.498 [AsyncHttpClient-1-8] DEBUG org.asynchttpclient.netty.channel.ChannelManager - Adding key: http://hub-cloud.browserstack.com:80 for channel [id: 0x3f3c271a, L:/192.168.0.148:63298 - R:hub-cloud.browserstack.com/103.126.7.240:80]
21:16:38.499 [Forwarding isElementDisplayed on session eda2ebede5b4f1c4a3da0ae80d76cf0c2ffae504 to remote] DEBUG org.asynchttpclient.netty.request.NettyRequestSender - Using pooled Channel &apos;[id: 0x3f3c271a, L:/192.168.0.148:63298 - R:hub-cloud.browserstack.com/103.126.7.240:80]&apos; for &apos;GET&apos; to &apos;http://sagarvarule_Nv2k8l:xTzj2eNxZytnJbrx1e6C@hub-cloud.browserstack.com/wd/hub/session/eda2ebede5b4f1c4a3da0ae80d76cf0c2ffae504/element/06669119-6bb7-467c-a84f-e01b12f8fa13/displayed&apos;
21:16:38.499 [Forwarding isElementDisplayed on session eda2ebede5b4f1c4a3da0ae80d76cf0c2ffae504 to remote] DEBUG org.asynchttpclient.netty.request.NettyRequestSender - Using open Channel [id: 0x3f3c271a, L:/192.168.0.148:63298 - R:hub-cloud.browserstack.com/103.126.7.240:80] for GET &apos;/wd/hub/session/eda2ebede5b4f1c4a3da0ae80d76cf0c2ffae504/element/06669119-6bb7-467c-a84f-e01b12f8fa13/displayed&apos;
21:16:38.564 [AsyncHttpClient-1-8] DEBUG org.asynchttpclient.netty.handler.HttpHandler - 

Request DefaultFullHttpRequest(decodeResult: success, version: HTTP/1.1, content: EmptyByteBufBE)
GET /wd/hub/session/eda2ebede5b4f1c4a3da0ae80d76cf0c2ffae504/element/06669119-6bb7-467c-a84f-e01b12f8fa13/displayed HTTP/1.1
User-Agent: selenium/4.5.0 (java windows)
Cache-Control: no-cache
Content-Type: application/json; charset=utf-8
host: hub-cloud.browserstack.com
authorization: Basic c2FnYXJ2YXJ1bGVfTnYyazhsOnhUemoyZU54Wnl0bkpicngxZTZD
accept: */*

Response DefaultHttpResponse(decodeResult: success, version: HTTP/1.1)
HTTP/1.1 200 OK
Server: nginx
Date: Thu, 01 Dec 2022 15:46:38 GMT
Content-Type: application/json; charset=utf-8
Connection: keep-alive
Source-From: 02
x-powered-by: Express
etag: W/&quot;e-2ZHvAWebNQpyjGZTg6uyV8/spTo&quot;
content-length: 14

21:16:38.564 [AsyncHttpClient-1-8] DEBUG org.asynchttpclient.netty.channel.ChannelManager - Adding key: http://hub-cloud.browserstack.com:80 for channel [id: 0x3f3c271a, L:/192.168.0.148:63298 - R:hub-cloud.browserstack.com/103.126.7.240:80]
  &amp;#27;[32mThen &amp;#27;[0m&amp;#27;[32mVerify Statistics screen fields are present&amp;#27;[0m            &amp;#27;[90m# com.example.cocusmobiletest.stepdefinitions.UIStepdefs.Verify_Statistics_screen_fields_are_present()&amp;#27;[0m
21:16:38.566 [Forwarding findElement on session eda2ebede5b4f1c4a3da0ae80d76cf0c2ffae504 to remote] DEBUG org.asynchttpclient.netty.request.NettyRequestSender - Using pooled Channel &apos;[id: 0x3f3c271a, L:/192.168.0.148:63298 - R:hub-cloud.browserstack.com/103.126.7.240:80]&apos; for &apos;POST&apos; to &apos;http://sagarvarule_Nv2k8l:xTzj2eNxZytnJbrx1e6C@hub-cloud.browserstack.com/wd/hub/session/eda2ebede5b4f1c4a3da0ae80d76cf0c2ffae504/element&apos;
21:16:38.566 [Forwarding findElement on session eda2ebede5b4f1c4a3da0ae80d76cf0c2ffae504 to remote] DEBUG org.asynchttpclient.netty.request.NettyRequestSender - Using open Channel [id: 0x3f3c271a, L:/192.168.0.148:63298 - R:hub-cloud.browserstack.com/103.126.7.240:80] for POST &apos;/wd/hub/session/eda2ebede5b4f1c4a3da0ae80d76cf0c2ffae504/element&apos;
21:16:38.637 [AsyncHttpClient-1-8] DEBUG org.asynchttpclient.netty.handler.HttpHandler - 

Request DefaultHttpRequest(decodeResult: success, version: HTTP/1.1)
POST /wd/hub/session/eda2ebede5b4f1c4a3da0ae80d76cf0c2ffae504/element HTTP/1.1
User-Agent: selenium/4.5.0 (java windows)
Content-Length: 94
Content-Type: application/json; charset=utf-8
host: hub-cloud.browserstack.com
authorization: Basic c2FnYXJ2YXJ1bGVfTnYyazhsOnhUemoyZU54Wnl0bkpicngxZTZD
accept: */*

Response DefaultHttpResponse(decodeResult: success, version: HTTP/1.1)
HTTP/1.1 200 OK
Server: nginx
Date: Thu, 01 Dec 2022 15:46:38 GMT
Content-Type: application/json; charset=utf-8
Connection: keep-alive
Source-From: 02
x-powered-by: Express
vary: X-HTTP-Method-Override
etag: W/&quot;89-JDWnWgx0XiXrCPlZjp8zupEx4SU&quot;
content-length: 137

21:16:38.637 [AsyncHttpClient-1-8] DEBUG org.asynchttpclient.netty.channel.ChannelManager - Adding key: http://hub-cloud.browserstack.com:80 for channel [id: 0x3f3c271a, L:/192.168.0.148:63298 - R:hub-cloud.browserstack.com/103.126.7.240:80]
21:16:38.638 [Forwarding isElementDisplayed on session eda2ebede5b4f1c4a3da0ae80d76cf0c2ffae504 to remote] DEBUG org.asynchttpclient.netty.request.NettyRequestSender - Using pooled Channel &apos;[id: 0x3f3c271a, L:/192.168.0.148:63298 - R:hub-cloud.browserstack.com/103.126.7.240:80]&apos; for &apos;GET&apos; to &apos;http://sagarvarule_Nv2k8l:xTzj2eNxZytnJbrx1e6C@hub-cloud.browserstack.com/wd/hub/session/eda2ebede5b4f1c4a3da0ae80d76cf0c2ffae504/element/a068d2d2-7977-4209-9c0b-055ca66acbed/displayed&apos;
21:16:38.638 [Forwarding isElementDisplayed on session eda2ebede5b4f1c4a3da0ae80d76cf0c2ffae504 to remote] DEBUG org.asynchttpclient.netty.request.NettyRequestSender - Using open Channel [id: 0x3f3c271a, L:/192.168.0.148:63298 - R:hub-cloud.browserstack.com/103.126.7.240:80] for GET &apos;/wd/hub/session/eda2ebede5b4f1c4a3da0ae80d76cf0c2ffae504/element/a068d2d2-7977-4209-9c0b-055ca66acbed/displayed&apos;
21:16:38.703 [AsyncHttpClient-1-8] DEBUG org.asynchttpclient.netty.handler.HttpHandler - 

Request DefaultFullHttpRequest(decodeResult: success, version: HTTP/1.1, content: EmptyByteBufBE)
GET /wd/hub/session/eda2ebede5b4f1c4a3da0ae80d76cf0c2ffae504/element/a068d2d2-7977-4209-9c0b-055ca66acbed/displayed HTTP/1.1
User-Agent: selenium/4.5.0 (java windows)
Cache-Control: no-cache
Content-Type: application/json; charset=utf-8
host: hub-cloud.browserstack.com
authorization: Basic c2FnYXJ2YXJ1bGVfTnYyazhsOnhUemoyZU54Wnl0bkpicngxZTZD
accept: */*

Response DefaultHttpResponse(decodeResult: success, version: HTTP/1.1)
HTTP/1.1 200 OK
Server: nginx
Date: Thu, 01 Dec 2022 15:46:38 GMT
Content-Type: application/json; charset=utf-8
Connection: keep-alive
Source-From: 02
x-powered-by: Express
etag: W/&quot;e-2ZHvAWebNQpyjGZTg6uyV8/spTo&quot;
content-length: 14

21:16:38.704 [AsyncHttpClient-1-8] DEBUG org.asynchttpclient.netty.channel.ChannelManager - Adding key: http://hub-cloud.browserstack.com:80 for channel [id: 0x3f3c271a, L:/192.168.0.148:63298 - R:hub-cloud.browserstack.com/103.126.7.240:80]
21:16:38.706 [Forwarding findElement on session eda2ebede5b4f1c4a3da0ae80d76cf0c2ffae504 to remote] DEBUG org.asynchttpclient.netty.request.NettyRequestSender - Using pooled Channel &apos;[id: 0x3f3c271a, L:/192.168.0.148:63298 - R:hub-cloud.browserstack.com/103.126.7.240:80]&apos; for &apos;POST&apos; to &apos;http://sagarvarule_Nv2k8l:xTzj2eNxZytnJbrx1e6C@hub-cloud.browserstack.com/wd/hub/session/eda2ebede5b4f1c4a3da0ae80d76cf0c2ffae504/element&apos;
21:16:38.710 [Forwarding findElement on session eda2ebede5b4f1c4a3da0ae80d76cf0c2ffae504 to remote] DEBUG org.asynchttpclient.netty.request.NettyRequestSender - Using open Channel [id: 0x3f3c271a, L:/192.168.0.148:63298 - R:hub-cloud.browserstack.com/103.126.7.240:80] for POST &apos;/wd/hub/session/eda2ebede5b4f1c4a3da0ae80d76cf0c2ffae504/element&apos;
21:16:38.778 [AsyncHttpClient-1-8] DEBUG org.asynchttpclient.netty.handler.HttpHandler - 

Request DefaultHttpRequest(decodeResult: success, version: HTTP/1.1)
POST /wd/hub/session/eda2ebede5b4f1c4a3da0ae80d76cf0c2ffae504/element HTTP/1.1
User-Agent: selenium/4.5.0 (java windows)
Content-Length: 94
Content-Type: application/json; charset=utf-8
host: hub-cloud.browserstack.com
authorization: Basic c2FnYXJ2YXJ1bGVfTnYyazhsOnhUemoyZU54Wnl0bkpicngxZTZD
accept: */*

Response DefaultHttpResponse(decodeResult: success, version: HTTP/1.1)
HTTP/1.1 200 OK
Server: nginx
Date: Thu, 01 Dec 2022 15:46:38 GMT
Content-Type: application/json; charset=utf-8
Connection: keep-alive
Source-From: 02
x-powered-by: Express
vary: X-HTTP-Method-Override
etag: W/&quot;89-gUOpnUNSuT7Hjmiys+ibIGeC3S8&quot;
content-length: 137

21:16:38.778 [AsyncHttpClient-1-8] DEBUG org.asynchttpclient.netty.channel.ChannelManager - Adding key: http://hub-cloud.browserstack.com:80 for channel [id: 0x3f3c271a, L:/192.168.0.148:63298 - R:hub-cloud.browserstack.com/103.126.7.240:80]
21:16:38.779 [Forwarding getElementText on session eda2ebede5b4f1c4a3da0ae80d76cf0c2ffae504 to remote] DEBUG org.asynchttpclient.netty.request.NettyRequestSender - Using pooled Channel &apos;[id: 0x3f3c271a, L:/192.168.0.148:63298 - R:hub-cloud.browserstack.com/103.126.7.240:80]&apos; for &apos;GET&apos; to &apos;http://sagarvarule_Nv2k8l:xTzj2eNxZytnJbrx1e6C@hub-cloud.browserstack.com/wd/hub/session/eda2ebede5b4f1c4a3da0ae80d76cf0c2ffae504/element/918addb7-fd40-460b-9166-987ab5aaa7a2/text&apos;
21:16:38.779 [Forwarding getElementText on session eda2ebede5b4f1c4a3da0ae80d76cf0c2ffae504 to remote] DEBUG org.asynchttpclient.netty.request.NettyRequestSender - Using open Channel [id: 0x3f3c271a, L:/192.168.0.148:63298 - R:hub-cloud.browserstack.com/103.126.7.240:80] for GET &apos;/wd/hub/session/eda2ebede5b4f1c4a3da0ae80d76cf0c2ffae504/element/918addb7-fd40-460b-9166-987ab5aaa7a2/text&apos;
21:16:38.847 [AsyncHttpClient-1-8] DEBUG org.asynchttpclient.netty.handler.HttpHandler - 

Request DefaultFullHttpRequest(decodeResult: success, version: HTTP/1.1, content: EmptyByteBufBE)
GET /wd/hub/session/eda2ebede5b4f1c4a3da0ae80d76cf0c2ffae504/element/918addb7-fd40-460b-9166-987ab5aaa7a2/text HTTP/1.1
User-Agent: selenium/4.5.0 (java windows)
Cache-Control: no-cache
Content-Type: application/json; charset=utf-8
host: hub-cloud.browserstack.com
authorization: Basic c2FnYXJ2YXJ1bGVfTnYyazhsOnhUemoyZU54Wnl0bkpicngxZTZD
accept: */*

Response DefaultHttpResponse(decodeResult: success, version: HTTP/1.1)
HTTP/1.1 200 OK
Server: nginx
Date: Thu, 01 Dec 2022 15:46:38 GMT
Content-Type: application/json; charset=utf-8
Connection: keep-alive
Source-From: 02
x-powered-by: Express
etag: W/&quot;56-fsZljHzrDIaVkANWKV7m0AlGMlc&quot;
content-length: 90

21:16:38.847 [AsyncHttpClient-1-8] DEBUG org.asynchttpclient.netty.channel.ChannelManager - Adding key: http://hub-cloud.browserstack.com:80 for channel [id: 0x3f3c271a, L:/192.168.0.148:63298 - R:hub-cloud.browserstack.com/103.126.7.240:80]
  &amp;#27;[31mThen &amp;#27;[0m&amp;#27;[31mVerify Statistics screen shows &amp;#27;[0m&amp;#27;[31m&amp;#27;[1m&quot;No statistics&quot;&amp;#27;[0m&amp;#27;[31m message&amp;#27;[0m &amp;#27;[90m# com.example.cocusmobiletest.stepdefinitions.UIStepdefs.Verify_Statistics_screen_shows_message(java.lang.String)&amp;#27;[0m
      &amp;#27;[31morg.junit.ComparisonFailure: expected:&lt;No statist[i]cs&gt; but was:&lt;No statist[]cs&gt;
	at org.junit.Assert.assertEquals(Assert.java:115)
	at org.junit.Assert.assertEquals(Assert.java:144)
	at com.example.cocusmobiletest.stepdefinitions.UIStepdefs.Verify_Statistics_screen_shows_message(UIStepdefs.java:91)
	at âœ½.Verify Statistics screen shows &quot;No statistics&quot; message(file:///C:/SagarV/Projects/COCUS-Challenge/cocus-mobiletest-challenge/cocus-mobile-test/src/test/resources/features/UI.feature:25)
&amp;#27;[0m
21:16:38.851 [Forwarding screenshot on session eda2ebede5b4f1c4a3da0ae80d76cf0c2ffae504 to remote] DEBUG org.asynchttpclient.netty.request.NettyRequestSender - Using pooled Channel &apos;[id: 0x3f3c271a, L:/192.168.0.148:63298 - R:hub-cloud.browserstack.com/103.126.7.240:80]&apos; for &apos;GET&apos; to &apos;http://sagarvarule_Nv2k8l:xTzj2eNxZytnJbrx1e6C@hub-cloud.browserstack.com/wd/hub/session/eda2ebede5b4f1c4a3da0ae80d76cf0c2ffae504/screenshot&apos;
21:16:38.851 [Forwarding screenshot on session eda2ebede5b4f1c4a3da0ae80d76cf0c2ffae504 to remote] DEBUG org.asynchttpclient.netty.request.NettyRequestSender - Using open Channel [id: 0x3f3c271a, L:/192.168.0.148:63298 - R:hub-cloud.browserstack.com/103.126.7.240:80] for GET &apos;/wd/hub/session/eda2ebede5b4f1c4a3da0ae80d76cf0c2ffae504/screenshot&apos;
21:16:39.419 [AsyncHttpClient-1-8] DEBUG org.asynchttpclient.netty.handler.HttpHandler - 

Request DefaultFullHttpRequest(decodeResult: success, version: HTTP/1.1, content: EmptyByteBufBE)
GET /wd/hub/session/eda2ebede5b4f1c4a3da0ae80d76cf0c2ffae504/screenshot HTTP/1.1
User-Agent: selenium/4.5.0 (java windows)
Cache-Control: no-cache
Content-Type: application/json; charset=utf-8
host: hub-cloud.browserstack.com
authorization: Basic c2FnYXJ2YXJ1bGVfTnYyazhsOnhUemoyZU54Wnl0bkpicngxZTZD
accept: */*

Response DefaultHttpResponse(decodeResult: success, version: HTTP/1.1)
HTTP/1.1 200 OK
Server: nginx
Date: Thu, 01 Dec 2022 15:46:39 GMT
Content-Type: application/json; charset=utf-8
Connection: keep-alive
Source-From: 02
x-powered-by: Express
etag: W/&quot;d9b6-fDS+DDbBDXIXJrTsDkiC3kdmyGk&quot;
content-length: 55734

21:16:39.529 [AsyncHttpClient-1-8] DEBUG org.asynchttpclient.netty.channel.ChannelManager - Adding key: http://hub-cloud.browserstack.com:80 for channel [id: 0x3f3c271a, L:/192.168.0.148:63298 - R:hub-cloud.browserstack.com/103.126.7.240:80]

    Embedding Verify Statistics screen [image/png 40717 bytes]

</system-out>
  </testcase>
  <testcase classname="com.example.cocusmobiletest.RunCukesTest" name="com.example.cocusmobiletest.RunCukesTest" time="9.564">
    <error message="Cannot invoke &quot;io.appium.java_client.service.local.AppiumDriverLocalService.stop()&quot; because &quot;com.example.cocusmobiletest.config.DriverManager.service&quot; is null" type="java.lang.NullPointerException">java.lang.NullPointerException: Cannot invoke &quot;io.appium.java_client.service.local.AppiumDriverLocalService.stop()&quot; because &quot;com.example.cocusmobiletest.config.DriverManager.service&quot; is null
	at com.example.cocusmobiletest.config.DriverManager.stopAppiumService(DriverManager.java:87)
	at com.example.cocusmobiletest.stepdefinitions.Hooks.tearDownTests(Hooks.java:43)
</error>
    <system-out>21:16:39.534 [Forwarding quit on session eda2ebede5b4f1c4a3da0ae80d76cf0c2ffae504 to remote] DEBUG org.asynchttpclient.netty.request.NettyRequestSender - Using pooled Channel &apos;[id: 0x3f3c271a, L:/192.168.0.148:63298 - R:hub-cloud.browserstack.com/103.126.7.240:80]&apos; for &apos;DELETE&apos; to &apos;http://sagarvarule_Nv2k8l:xTzj2eNxZytnJbrx1e6C@hub-cloud.browserstack.com/wd/hub/session/eda2ebede5b4f1c4a3da0ae80d76cf0c2ffae504&apos;
21:16:39.534 [Forwarding quit on session eda2ebede5b4f1c4a3da0ae80d76cf0c2ffae504 to remote] DEBUG org.asynchttpclient.netty.request.NettyRequestSender - Using open Channel [id: 0x3f3c271a, L:/192.168.0.148:63298 - R:hub-cloud.browserstack.com/103.126.7.240:80] for DELETE &apos;/wd/hub/session/eda2ebede5b4f1c4a3da0ae80d76cf0c2ffae504&apos;
21:16:40.819 [AsyncHttpClient-1-8] DEBUG org.asynchttpclient.netty.handler.HttpHandler - 

Request DefaultFullHttpRequest(decodeResult: success, version: HTTP/1.1, content: EmptyByteBufBE)
DELETE /wd/hub/session/eda2ebede5b4f1c4a3da0ae80d76cf0c2ffae504 HTTP/1.1
User-Agent: selenium/4.5.0 (java windows)
Content-Type: application/json; charset=utf-8
host: hub-cloud.browserstack.com
authorization: Basic c2FnYXJ2YXJ1bGVfTnYyazhsOnhUemoyZU54Wnl0bkpicngxZTZD
accept: */*

Response DefaultHttpResponse(decodeResult: success, version: HTTP/1.1)
HTTP/1.1 200 OK
Server: nginx
Date: Thu, 01 Dec 2022 15:46:40 GMT
Content-Type: application/json; charset=utf-8
Transfer-Encoding: chunked
Connection: keep-alive
Source-From: 02
cache-control: no-cache

21:16:40.820 [AsyncHttpClient-1-8] DEBUG org.asynchttpclient.netty.channel.ChannelManager - Adding key: http://hub-cloud.browserstack.com:80 for channel [id: 0x3f3c271a, L:/192.168.0.148:63298 - R:hub-cloud.browserstack.com/103.126.7.240:80]
      &amp;#27;[31mjava.lang.NullPointerException: Cannot invoke &quot;io.appium.java_client.service.local.AppiumDriverLocalService.stop()&quot; because &quot;com.example.cocusmobiletest.config.DriverManager.service&quot; is null
	at com.example.cocusmobiletest.config.DriverManager.stopAppiumService(DriverManager.java:87)
	at com.example.cocusmobiletest.stepdefinitions.Hooks.tearDownTests(Hooks.java:43)
&amp;#27;[0m
</system-out>
    <system-err>&amp;#27;[32m&amp;#27;[1m?????????????????????????????????????????????????????????????????????????????????????&amp;#27;[0m
&amp;#27;[32m&amp;#27;[1m?&amp;#27;[0m Share your Cucumber Report with your team at &amp;#27;[36m&amp;#27;[1m&amp;#27;[4mhttps://reports.cucumber.io&amp;#27;[0m          &amp;#27;[32m&amp;#27;[1m?&amp;#27;[0m
&amp;#27;[32m&amp;#27;[1m?&amp;#27;[0m Activate publishing with one of the following:                                    &amp;#27;[32m&amp;#27;[1m?&amp;#27;[0m
&amp;#27;[32m&amp;#27;[1m?&amp;#27;[0m                                                                                   &amp;#27;[32m&amp;#27;[1m?&amp;#27;[0m
&amp;#27;[32m&amp;#27;[1m?&amp;#27;[0m src/test/resources/cucumber.properties:          &amp;#27;[36mcucumber.publish.enabled&amp;#27;[0m=&amp;#27;[36mtrue&amp;#27;[0m    &amp;#27;[32m&amp;#27;[1m?&amp;#27;[0m
&amp;#27;[32m&amp;#27;[1m?&amp;#27;[0m src/test/resources/junit-platform.properties:    &amp;#27;[36mcucumber.publish.enabled&amp;#27;[0m=&amp;#27;[36mtrue&amp;#27;[0m    &amp;#27;[32m&amp;#27;[1m?&amp;#27;[0m
&amp;#27;[32m&amp;#27;[1m?&amp;#27;[0m Environment variable:                            &amp;#27;[36mCUCUMBER_PUBLISH_ENABLED&amp;#27;[0m=&amp;#27;[36mtrue&amp;#27;[0m    &amp;#27;[32m&amp;#27;[1m?&amp;#27;[0m
&amp;#27;[32m&amp;#27;[1m?&amp;#27;[0m JUnit:                                           &amp;#27;[36m@CucumberOptions&amp;#27;[0m(publish = &amp;#27;[36mtrue&amp;#27;[0m) &amp;#27;[32m&amp;#27;[1m?&amp;#27;[0m
&amp;#27;[32m&amp;#27;[1m?&amp;#27;[0m                                                                                   &amp;#27;[32m&amp;#27;[1m?&amp;#27;[0m
&amp;#27;[32m&amp;#27;[1m?&amp;#27;[0m More information at &amp;#27;[36mhttps://cucumber.io/docs/cucumber/environment-variables/&amp;#27;[0m      &amp;#27;[32m&amp;#27;[1m?&amp;#27;[0m
&amp;#27;[32m&amp;#27;[1m?&amp;#27;[0m                                                                                   &amp;#27;[32m&amp;#27;[1m?&amp;#27;[0m
&amp;#27;[32m&amp;#27;[1m?&amp;#27;[0m Disable this message with one of the following:                                   &amp;#27;[32m&amp;#27;[1m?&amp;#27;[0m
&amp;#27;[32m&amp;#27;[1m?&amp;#27;[0m                                                                                   &amp;#27;[32m&amp;#27;[1m?&amp;#27;[0m
&amp;#27;[32m&amp;#27;[1m?&amp;#27;[0m src/test/resources/cucumber.properties:          &amp;#27;[36mcucumber.publish.quiet&amp;#27;[0m=&amp;#27;[36mtrue&amp;#27;[0m      &amp;#27;[32m&amp;#27;[1m?&amp;#27;[0m
&amp;#27;[32m&amp;#27;[1m?&amp;#27;[0m src/test/resources/junit-platform.properties:    &amp;#27;[36mcucumber.publish.quiet&amp;#27;[0m=&amp;#27;[36mtrue&amp;#27;[0m      &amp;#27;[32m&amp;#27;[1m?&amp;#27;[0m
&amp;#27;[32m&amp;#27;[1m?????????????????????????????????????????????????????????????????????????????????????&amp;#27;[0m
</system-err>
  </testcase>
</testsuite>